{"/Users/mlennox/projects/swapiexplorer/app/index.android.js": {"path":"/Users/mlennox/projects/swapiexplorer/app/index.android.js","statementMap":{"0":{"start":{"line":17,"column":4},"end":{"line":30,"column":6}},"1":{"start":{"line":34,"column":15},"end":{"line":51,"column":2}},"2":{"start":{"line":53,"column":0},"end":{"line":53,"column":68}},"3":{"start":{"line":53,"column":53},"end":{"line":53,"column":66}}},"fnMap":{"0":{"name":"(anonymous_0)","decl":{"start":{"line":16,"column":2},"end":{"line":16,"column":3}},"loc":{"start":{"line":16,"column":11},"end":{"line":31,"column":3}}},"1":{"name":"(anonymous_1)","decl":{"start":{"line":53,"column":47},"end":{"line":53,"column":48}},"loc":{"start":{"line":53,"column":53},"end":{"line":53,"column":66}}}},"branchMap":{},"s":{"0":1,"1":1,"2":1,"3":0},"f":{"0":1,"1":0},"b":{},"_coverageSchema":"332fd63041d2c1bcb487cc26dd0d5f7d97098a6c","hash":"640a8a4dae5f31b01524295d3d2230c763ae2e1c"}
,"/Users/mlennox/projects/swapiexplorer/app/index.ios.js": {"path":"/Users/mlennox/projects/swapiexplorer/app/index.ios.js","statementMap":{"0":{"start":{"line":17,"column":4},"end":{"line":30,"column":6}},"1":{"start":{"line":34,"column":15},"end":{"line":51,"column":2}},"2":{"start":{"line":53,"column":0},"end":{"line":53,"column":68}},"3":{"start":{"line":53,"column":53},"end":{"line":53,"column":66}}},"fnMap":{"0":{"name":"(anonymous_0)","decl":{"start":{"line":16,"column":2},"end":{"line":16,"column":3}},"loc":{"start":{"line":16,"column":11},"end":{"line":31,"column":3}}},"1":{"name":"(anonymous_1)","decl":{"start":{"line":53,"column":47},"end":{"line":53,"column":48}},"loc":{"start":{"line":53,"column":53},"end":{"line":53,"column":66}}}},"branchMap":{},"s":{"0":1,"1":1,"2":1,"3":0},"f":{"0":1,"1":0},"b":{},"_coverageSchema":"332fd63041d2c1bcb487cc26dd0d5f7d97098a6c","hash":"071e290d93dbc956473ae4b0847cfa896ed796ab"}
,"/Users/mlennox/projects/swapiexplorer/app/cache/cache.js": {"path":"/Users/mlennox/projects/swapiexplorer/app/cache/cache.js","statementMap":{"0":{"start":{"line":1,"column":0},"end":{"line":1,"column":57}},"1":{"start":{"line":1,"column":74},"end":{"line":1,"column":566}},"2":{"start":{"line":1,"column":125},"end":{"line":1,"column":367}},"3":{"start":{"line":1,"column":172},"end":{"line":1,"column":180}},"4":{"start":{"line":1,"column":181},"end":{"line":1,"column":232}},"5":{"start":{"line":1,"column":232},"end":{"line":1,"column":261}},"6":{"start":{"line":1,"column":261},"end":{"line":1,"column":310}},"7":{"start":{"line":1,"column":285},"end":{"line":1,"column":310}},"8":{"start":{"line":1,"column":310},"end":{"line":1,"column":366}},"9":{"start":{"line":1,"column":368},"end":{"line":1,"column":563}},"10":{"start":{"line":1,"column":420},"end":{"line":1,"column":485}},"11":{"start":{"line":1,"column":434},"end":{"line":1,"column":485}},"12":{"start":{"line":1,"column":485},"end":{"line":1,"column":542}},"13":{"start":{"line":1,"column":500},"end":{"line":1,"column":542}},"14":{"start":{"line":1,"column":542},"end":{"line":1,"column":561}},"15":{"start":{"line":1,"column":614},"end":{"line":1,"column":711}},"16":{"start":{"line":1,"column":653},"end":{"line":1,"column":710}},"17":{"start":{"line":1,"column":723},"end":{"line":19,"column":22}},"18":{"start":{"line":2,"column":18},"end":{"line":2,"column":47}},"19":{"start":{"line":3,"column":0},"end":{"line":3,"column":13}},"20":{"start":{"line":4,"column":1},"end":{"line":19,"column":5}},"21":{"start":{"line":7,"column":0},"end":{"line":9,"column":1}},"22":{"start":{"line":8,"column":0},"end":{"line":8,"column":26}},"23":{"start":{"line":11,"column":10},"end":{"line":12,"column":38}},"24":{"start":{"line":12,"column":22},"end":{"line":12,"column":36}},"25":{"start":{"line":13,"column":0},"end":{"line":13,"column":25}},"26":{"start":{"line":14,"column":0},"end":{"line":14,"column":13}},"27":{"start":{"line":18,"column":0},"end":{"line":18,"column":17}},"28":{"start":{"line":19,"column":5},"end":{"line":19,"column":19}},"29":{"start":{"line":19,"column":23},"end":{"line":22,"column":13}}},"fnMap":{"0":{"name":"(anonymous_0)","decl":{"start":{"line":1,"column":74},"end":{"line":1,"column":75}},"loc":{"start":{"line":1,"column":84},"end":{"line":1,"column":564}}},"1":{"name":"defineProperties","decl":{"start":{"line":1,"column":94},"end":{"line":1,"column":110}},"loc":{"start":{"line":1,"column":124},"end":{"line":1,"column":368}}},"2":{"name":"(anonymous_2)","decl":{"start":{"line":1,"column":375},"end":{"line":1,"column":376}},"loc":{"start":{"line":1,"column":419},"end":{"line":1,"column":562}}},"3":{"name":"_classCallCheck","decl":{"start":{"line":1,"column":576},"end":{"line":1,"column":591}},"loc":{"start":{"line":1,"column":613},"end":{"line":1,"column":712}}},"4":{"name":"(anonymous_4)","decl":{"start":{"line":1,"column":723},"end":{"line":1,"column":724}},"loc":{"start":{"line":1,"column":733},"end":{"line":19,"column":20}}},"5":{"name":"Cacher","decl":{"start":{"line":2,"column":9},"end":{"line":2,"column":15}},"loc":{"start":{"line":2,"column":17},"end":{"line":4,"column":1}}},"6":{"name":"fetch","decl":{"start":{"line":4,"column":50},"end":{"line":4,"column":55}},"loc":{"start":{"line":6,"column":12},"end":{"line":15,"column":1}}},"7":{"name":"(anonymous_7)","decl":{"start":{"line":12,"column":5},"end":{"line":12,"column":6}},"loc":{"start":{"line":12,"column":21},"end":{"line":12,"column":37}}},"8":{"name":"reset","decl":{"start":{"line":15,"column":31},"end":{"line":15,"column":36}},"loc":{"start":{"line":17,"column":0},"end":{"line":19,"column":1}}}},"branchMap":{"0":{"loc":{"start":{"line":1,"column":203},"end":{"line":1,"column":231}},"type":"binary-expr","locations":[{"start":{"line":1,"column":203},"end":{"line":1,"column":224}},{"start":{"line":1,"column":226},"end":{"line":1,"column":231}}]},"1":{"loc":{"start":{"line":1,"column":261},"end":{"line":1,"column":310}},"type":"if","locations":[{"start":{"line":1,"column":261},"end":{"line":1,"column":310}},{"start":{"line":1,"column":261},"end":{"line":1,"column":310}}]},"2":{"loc":{"start":{"line":1,"column":420},"end":{"line":1,"column":485}},"type":"if","locations":[{"start":{"line":1,"column":420},"end":{"line":1,"column":485}},{"start":{"line":1,"column":420},"end":{"line":1,"column":485}}]},"3":{"loc":{"start":{"line":1,"column":485},"end":{"line":1,"column":542}},"type":"if","locations":[{"start":{"line":1,"column":485},"end":{"line":1,"column":542}},{"start":{"line":1,"column":485},"end":{"line":1,"column":542}}]},"4":{"loc":{"start":{"line":1,"column":614},"end":{"line":1,"column":711}},"type":"if","locations":[{"start":{"line":1,"column":614},"end":{"line":1,"column":711}},{"start":{"line":1,"column":614},"end":{"line":1,"column":711}}]},"5":{"loc":{"start":{"line":7,"column":0},"end":{"line":9,"column":1}},"type":"if","locations":[{"start":{"line":7,"column":0},"end":{"line":9,"column":1}},{"start":{"line":7,"column":0},"end":{"line":9,"column":1}}]}},"s":{"0":0,"1":0,"2":0,"3":0,"4":0,"5":0,"6":0,"7":0,"8":0,"9":0,"10":0,"11":0,"12":0,"13":0,"14":0,"15":0,"16":0,"17":0,"18":0,"19":0,"20":0,"21":0,"22":0,"23":0,"24":0,"25":0,"26":0,"27":0,"28":0,"29":0},"f":{"0":0,"1":0,"2":0,"3":0,"4":0,"5":0,"6":0,"7":0,"8":0},"b":{"0":[0,0],"1":[0,0],"2":[0,0],"3":[0,0],"4":[0,0],"5":[0,0]}}
,"/Users/mlennox/projects/swapiexplorer/coverage/lcov-report/prettify.js": {"path":"/Users/mlennox/projects/swapiexplorer/coverage/lcov-report/prettify.js","statementMap":{"0":{"start":{"line":1,"column":0},"end":{"line":1,"column":39}},"1":{"start":{"line":1,"column":39},"end":{"line":1,"column":15888}},"2":{"start":{"line":1,"column":57},"end":{"line":1,"column":103}},"3":{"start":{"line":1,"column":110},"end":{"line":1,"column":270}},"4":{"start":{"line":1,"column":277},"end":{"line":1,"column":379}},"5":{"start":{"line":1,"column":386},"end":{"line":1,"column":644}},"6":{"start":{"line":1,"column":651},"end":{"line":1,"column":794}},"7":{"start":{"line":1,"column":801},"end":{"line":1,"column":1069}},"8":{"start":{"line":1,"column":1076},"end":{"line":1,"column":1234}},"9":{"start":{"line":1,"column":1241},"end":{"line":1,"column":1321}},"10":{"start":{"line":1,"column":1328},"end":{"line":1,"column":1504}},"11":{"start":{"line":1,"column":1511},"end":{"line":1,"column":1665}},"12":{"start":{"line":1,"column":1672},"end":{"line":1,"column":1844}},"13":{"start":{"line":1,"column":1851},"end":{"line":1,"column":1917}},"14":{"start":{"line":1,"column":1924},"end":{"line":1,"column":1939}},"15":{"start":{"line":1,"column":1946},"end":{"line":1,"column":2058}},"16":{"start":{"line":1,"column":2065},"end":{"line":1,"column":2070}},"17":{"start":{"line":1,"column":2077},"end":{"line":1,"column":2082}},"18":{"start":{"line":1,"column":2089},"end":{"line":1,"column":2094}},"19":{"start":{"line":1,"column":2101},"end":{"line":1,"column":2106}},"20":{"start":{"line":1,"column":2113},"end":{"line":1,"column":2118}},"21":{"start":{"line":1,"column":2125},"end":{"line":1,"column":2130}},"22":{"start":{"line":1,"column":2137},"end":{"line":1,"column":2142}},"23":{"start":{"line":1,"column":2149},"end":{"line":1,"column":2154}},"24":{"start":{"line":1,"column":2161},"end":{"line":1,"column":2166}},"25":{"start":{"line":1,"column":2173},"end":{"line":1,"column":2178}},"26":{"start":{"line":1,"column":2185},"end":{"line":1,"column":2190}},"27":{"start":{"line":1,"column":2197},"end":{"line":1,"column":2202}},"28":{"start":{"line":1,"column":2209},"end":{"line":1,"column":2217}},"29":{"start":{"line":1,"column":2224},"end":{"line":1,"column":2523}},"30":{"start":{"line":1,"column":2545},"end":{"line":1,"column":2546}},"31":{"start":{"line":1,"column":2553},"end":{"line":1,"column":2558}},"32":{"start":{"line":1,"column":2566},"end":{"line":1,"column":2571}},"33":{"start":{"line":1,"column":2572},"end":{"line":1,"column":2756}},"34":{"start":{"line":1,"column":2611},"end":{"line":1,"column":2615}},"35":{"start":{"line":1,"column":2616},"end":{"line":1,"column":2755}},"36":{"start":{"line":1,"column":2634},"end":{"line":1,"column":2642}},"37":{"start":{"line":1,"column":2648},"end":{"line":1,"column":2754}},"38":{"start":{"line":1,"column":2731},"end":{"line":1,"column":2738}},"39":{"start":{"line":1,"column":2738},"end":{"line":1,"column":2747}},"40":{"start":{"line":1,"column":2747},"end":{"line":1,"column":2753}},"41":{"start":{"line":1,"column":2762},"end":{"line":1,"column":2791}},"42":{"start":{"line":1,"column":2815},"end":{"line":1,"column":2831}},"43":{"start":{"line":1,"column":2832},"end":{"line":1,"column":2855}},"44":{"start":{"line":1,"column":2844},"end":{"line":1,"column":2854}},"45":{"start":{"line":1,"column":2862},"end":{"line":1,"column":2874}},"46":{"start":{"line":1,"column":2875},"end":{"line":1,"column":2884}},"47":{"start":{"line":1,"column":2884},"end":{"line":1,"column":3061}},"48":{"start":{"line":1,"column":2891},"end":{"line":1,"column":2901}},"49":{"start":{"line":1,"column":2907},"end":{"line":1,"column":3060}},"50":{"start":{"line":1,"column":2928},"end":{"line":1,"column":2963}},"51":{"start":{"line":1,"column":2969},"end":{"line":1,"column":3059}},"52":{"start":{"line":1,"column":2992},"end":{"line":1,"column":3028}},"53":{"start":{"line":1,"column":3034},"end":{"line":1,"column":3058}},"54":{"start":{"line":1,"column":3077},"end":{"line":1,"column":3131}},"55":{"start":{"line":1,"column":3087},"end":{"line":1,"column":3130}},"56":{"start":{"line":1,"column":3138},"end":{"line":1,"column":3161}},"57":{"start":{"line":1,"column":3162},"end":{"line":1,"column":3218}},"58":{"start":{"line":1,"column":3206},"end":{"line":1,"column":3217}},"59":{"start":{"line":1,"column":3218},"end":{"line":1,"column":3228}},"60":{"start":{"line":1,"column":3251},"end":{"line":1,"column":3402}},"61":{"start":{"line":1,"column":3410},"end":{"line":1,"column":3412}},"62":{"start":{"line":1,"column":3420},"end":{"line":1,"column":3422}},"63":{"start":{"line":1,"column":3430},"end":{"line":1,"column":3441}},"64":{"start":{"line":1,"column":3442},"end":{"line":1,"column":3811}},"65":{"start":{"line":1,"column":3492},"end":{"line":1,"column":3498}},"66":{"start":{"line":1,"column":3499},"end":{"line":1,"column":3810}},"67":{"start":{"line":1,"column":3524},"end":{"line":1,"column":3536}},"68":{"start":{"line":1,"column":3549},"end":{"line":1,"column":3555}},"69":{"start":{"line":1,"column":3563},"end":{"line":1,"column":3626}},"70":{"start":{"line":1,"column":3591},"end":{"line":1,"column":3607}},"71":{"start":{"line":1,"column":3607},"end":{"line":1,"column":3613}},"72":{"start":{"line":1,"column":3619},"end":{"line":1,"column":3625}},"73":{"start":{"line":1,"column":3626},"end":{"line":1,"column":3643}},"74":{"start":{"line":1,"column":3643},"end":{"line":1,"column":3809}},"75":{"start":{"line":1,"column":3664},"end":{"line":1,"column":3734}},"76":{"start":{"line":1,"column":3684},"end":{"line":1,"column":3733}},"77":{"start":{"line":1,"column":3734},"end":{"line":1,"column":3808}},"78":{"start":{"line":1,"column":3755},"end":{"line":1,"column":3807}},"79":{"start":{"line":1,"column":3811},"end":{"line":1,"column":3870}},"80":{"start":{"line":1,"column":3835},"end":{"line":1,"column":3867}},"81":{"start":{"line":1,"column":3877},"end":{"line":1,"column":3879}},"82":{"start":{"line":1,"column":3887},"end":{"line":1,"column":3896}},"83":{"start":{"line":1,"column":3897},"end":{"line":1,"column":4013}},"84":{"start":{"line":1,"column":3936},"end":{"line":1,"column":3942}},"85":{"start":{"line":1,"column":3943},"end":{"line":1,"column":4012}},"86":{"start":{"line":1,"column":3962},"end":{"line":1,"column":3990}},"87":{"start":{"line":1,"column":3996},"end":{"line":1,"column":4011}},"88":{"start":{"line":1,"column":4020},"end":{"line":1,"column":4025}},"89":{"start":{"line":1,"column":4026},"end":{"line":1,"column":4047}},"90":{"start":{"line":1,"column":4033},"end":{"line":1,"column":4046}},"91":{"start":{"line":1,"column":4047},"end":{"line":1,"column":4068}},"92":{"start":{"line":1,"column":4068},"end":{"line":1,"column":4200}},"93":{"start":{"line":1,"column":4107},"end":{"line":1,"column":4113}},"94":{"start":{"line":1,"column":4114},"end":{"line":1,"column":4132}},"95":{"start":{"line":1,"column":4132},"end":{"line":1,"column":4199}},"96":{"start":{"line":1,"column":4148},"end":{"line":1,"column":4180}},"97":{"start":{"line":1,"column":4166},"end":{"line":1,"column":4179}},"98":{"start":{"line":1,"column":4180},"end":{"line":1,"column":4198}},"99":{"start":{"line":1,"column":4200},"end":{"line":1,"column":4213}},"100":{"start":{"line":1,"column":4213},"end":{"line":1,"column":4232}},"101":{"start":{"line":1,"column":4255},"end":{"line":1,"column":4443}},"102":{"start":{"line":1,"column":4451},"end":{"line":1,"column":4460}},"103":{"start":{"line":1,"column":4468},"end":{"line":1,"column":4470}},"104":{"start":{"line":1,"column":4471},"end":{"line":1,"column":4616}},"105":{"start":{"line":1,"column":4508},"end":{"line":1,"column":4514}},"106":{"start":{"line":1,"column":4515},"end":{"line":1,"column":4615}},"107":{"start":{"line":1,"column":4528},"end":{"line":1,"column":4533}},"108":{"start":{"line":1,"column":4539},"end":{"line":1,"column":4614}},"109":{"start":{"line":1,"column":4570},"end":{"line":1,"column":4586}},"110":{"start":{"line":1,"column":4587},"end":{"line":1,"column":4613}},"111":{"start":{"line":1,"column":4602},"end":{"line":1,"column":4612}},"112":{"start":{"line":1,"column":4616},"end":{"line":1,"column":4678}},"113":{"start":{"line":1,"column":4648},"end":{"line":1,"column":4677}},"114":{"start":{"line":1,"column":4664},"end":{"line":1,"column":4676}},"115":{"start":{"line":1,"column":4678},"end":{"line":1,"column":4869}},"116":{"start":{"line":1,"column":4715},"end":{"line":1,"column":4721}},"117":{"start":{"line":1,"column":4722},"end":{"line":1,"column":4868}},"118":{"start":{"line":1,"column":4735},"end":{"line":1,"column":4740}},"119":{"start":{"line":1,"column":4740},"end":{"line":1,"column":4777}},"120":{"start":{"line":1,"column":4763},"end":{"line":1,"column":4776}},"121":{"start":{"line":1,"column":4783},"end":{"line":1,"column":4867}},"122":{"start":{"line":1,"column":4814},"end":{"line":1,"column":4830}},"123":{"start":{"line":1,"column":4831},"end":{"line":1,"column":4866}},"124":{"start":{"line":1,"column":4846},"end":{"line":1,"column":4865}},"125":{"start":{"line":1,"column":4869},"end":{"line":1,"column":4944}},"126":{"start":{"line":1,"column":4899},"end":{"line":1,"column":4943}},"127":{"start":{"line":1,"column":4932},"end":{"line":1,"column":4942}},"128":{"start":{"line":1,"column":4944},"end":{"line":1,"column":5206}},"129":{"start":{"line":1,"column":4965},"end":{"line":1,"column":5205}},"130":{"start":{"line":1,"column":4997},"end":{"line":1,"column":5003}},"131":{"start":{"line":1,"column":5011},"end":{"line":1,"column":5023}},"132":{"start":{"line":1,"column":5024},"end":{"line":1,"column":5204}},"133":{"start":{"line":1,"column":5051},"end":{"line":1,"column":5064}},"134":{"start":{"line":1,"column":5070},"end":{"line":1,"column":5203}},"135":{"start":{"line":1,"column":5084},"end":{"line":1,"column":5202}},"136":{"start":{"line":1,"column":5134},"end":{"line":1,"column":5150}},"137":{"start":{"line":1,"column":5151},"end":{"line":1,"column":5199}},"138":{"start":{"line":1,"column":5206},"end":{"line":1,"column":5225}},"139":{"start":{"line":1,"column":5233},"end":{"line":1,"column":5235}},"140":{"start":{"line":1,"column":5236},"end":{"line":1,"column":5358}},"141":{"start":{"line":1,"column":5275},"end":{"line":1,"column":5279}},"142":{"start":{"line":1,"column":5280},"end":{"line":1,"column":5332}},"143":{"start":{"line":1,"column":5308},"end":{"line":1,"column":5331}},"144":{"start":{"line":1,"column":5332},"end":{"line":1,"column":5357}},"145":{"start":{"line":1,"column":5358},"end":{"line":1,"column":5402}},"146":{"start":{"line":1,"column":5423},"end":{"line":1,"column":5447}},"147":{"start":{"line":1,"column":5454},"end":{"line":1,"column":5456}},"148":{"start":{"line":1,"column":5463},"end":{"line":1,"column":5464}},"149":{"start":{"line":1,"column":5471},"end":{"line":1,"column":5473}},"150":{"start":{"line":1,"column":5480},"end":{"line":1,"column":5481}},"151":{"start":{"line":1,"column":5488},"end":{"line":1,"column":5651}},"152":{"start":{"line":1,"column":5507},"end":{"line":1,"column":5535}},"153":{"start":{"line":1,"column":5541},"end":{"line":1,"column":5650}},"154":{"start":{"line":1,"column":5569},"end":{"line":1,"column":5649}},"155":{"start":{"line":1,"column":5657},"end":{"line":1,"column":5684}},"156":{"start":{"line":1,"column":5701},"end":{"line":1,"column":6082}},"157":{"start":{"line":1,"column":5728},"end":{"line":1,"column":5761}},"158":{"start":{"line":1,"column":5753},"end":{"line":1,"column":5760}},"159":{"start":{"line":1,"column":5761},"end":{"line":1,"column":5816}},"160":{"start":{"line":1,"column":5808},"end":{"line":1,"column":5815}},"161":{"start":{"line":1,"column":5823},"end":{"line":1,"column":5834}},"162":{"start":{"line":1,"column":5835},"end":{"line":1,"column":5898}},"163":{"start":{"line":1,"column":5860},"end":{"line":1,"column":5870}},"164":{"start":{"line":1,"column":5870},"end":{"line":1,"column":5882}},"165":{"start":{"line":1,"column":5882},"end":{"line":1,"column":5897}},"166":{"start":{"line":1,"column":5898},"end":{"line":1,"column":5904}},"167":{"start":{"line":1,"column":5925},"end":{"line":1,"column":5937}},"168":{"start":{"line":1,"column":5938},"end":{"line":1,"column":6075}},"169":{"start":{"line":1,"column":5952},"end":{"line":1,"column":6028}},"170":{"start":{"line":1,"column":5959},"end":{"line":1,"column":5992}},"171":{"start":{"line":1,"column":5998},"end":{"line":1,"column":6027}},"172":{"start":{"line":1,"column":6028},"end":{"line":1,"column":6036}},"173":{"start":{"line":1,"column":6036},"end":{"line":1,"column":6046}},"174":{"start":{"line":1,"column":6046},"end":{"line":1,"column":6059}},"175":{"start":{"line":1,"column":6059},"end":{"line":1,"column":6074}},"176":{"start":{"line":1,"column":6075},"end":{"line":1,"column":6081}},"177":{"start":{"line":1,"column":6083},"end":{"line":1,"column":6089}},"178":{"start":{"line":1,"column":6089},"end":{"line":1,"column":6145}},"179":{"start":{"line":1,"column":6166},"end":{"line":1,"column":6181}},"180":{"start":{"line":1,"column":6173},"end":{"line":1,"column":6180}},"181":{"start":{"line":1,"column":6187},"end":{"line":1,"column":6211}},"182":{"start":{"line":1,"column":6212},"end":{"line":1,"column":6217}},"183":{"start":{"line":1,"column":6217},"end":{"line":1,"column":6247}},"184":{"start":{"line":1,"column":6254},"end":{"line":1,"column":6258}},"185":{"start":{"line":1,"column":6279},"end":{"line":1,"column":6288}},"186":{"start":{"line":1,"column":6289},"end":{"line":1,"column":6395}},"187":{"start":{"line":1,"column":6337},"end":{"line":1,"column":6347}},"188":{"start":{"line":1,"column":6348},"end":{"line":1,"column":6394}},"189":{"start":{"line":1,"column":6395},"end":{"line":1,"column":6420}},"190":{"start":{"line":1,"column":6443},"end":{"line":1,"column":6445}},"191":{"start":{"line":1,"column":6452},"end":{"line":1,"column":6737}},"192":{"start":{"line":1,"column":6471},"end":{"line":1,"column":6482}},"193":{"start":{"line":1,"column":6490},"end":{"line":1,"column":6492}},"194":{"start":{"line":1,"column":6500},"end":{"line":1,"column":6502}},"195":{"start":{"line":1,"column":6503},"end":{"line":1,"column":6701}},"196":{"start":{"line":1,"column":6545},"end":{"line":1,"column":6551}},"197":{"start":{"line":1,"column":6559},"end":{"line":1,"column":6563}},"198":{"start":{"line":1,"column":6564},"end":{"line":1,"column":6623}},"199":{"start":{"line":1,"column":6571},"end":{"line":1,"column":6622}},"200":{"start":{"line":1,"column":6602},"end":{"line":1,"column":6621}},"201":{"start":{"line":1,"column":6630},"end":{"line":1,"column":6634}},"202":{"start":{"line":1,"column":6642},"end":{"line":1,"column":6647}},"203":{"start":{"line":1,"column":6648},"end":{"line":1,"column":6700}},"204":{"start":{"line":1,"column":6675},"end":{"line":1,"column":6687}},"205":{"start":{"line":1,"column":6687},"end":{"line":1,"column":6699}},"206":{"start":{"line":1,"column":6701},"end":{"line":1,"column":6724}},"207":{"start":{"line":1,"column":6724},"end":{"line":1,"column":6732}},"208":{"start":{"line":1,"column":6743},"end":{"line":1,"column":6751}},"209":{"start":{"line":1,"column":6758},"end":{"line":1,"column":7559}},"210":{"start":{"line":1,"column":6779},"end":{"line":1,"column":6792}},"211":{"start":{"line":1,"column":6795},"end":{"line":1,"column":6805}},"212":{"start":{"line":1,"column":6813},"end":{"line":1,"column":6818}},"213":{"start":{"line":1,"column":6826},"end":{"line":1,"column":6827}},"214":{"start":{"line":1,"column":6835},"end":{"line":1,"column":6849}},"215":{"start":{"line":1,"column":6857},"end":{"line":1,"column":6859}},"216":{"start":{"line":1,"column":6860},"end":{"line":1,"column":7540}},"217":{"start":{"line":1,"column":6905},"end":{"line":1,"column":6911}},"218":{"start":{"line":1,"column":6919},"end":{"line":1,"column":6925}},"219":{"start":{"line":1,"column":6933},"end":{"line":1,"column":6939}},"220":{"start":{"line":1,"column":6947},"end":{"line":1,"column":7261}},"221":{"start":{"line":1,"column":6972},"end":{"line":1,"column":6981}},"222":{"start":{"line":1,"column":6994},"end":{"line":1,"column":7009}},"223":{"start":{"line":1,"column":7010},"end":{"line":1,"column":7142}},"224":{"start":{"line":1,"column":7017},"end":{"line":1,"column":7036}},"225":{"start":{"line":1,"column":7036},"end":{"line":1,"column":7045}},"226":{"start":{"line":1,"column":7051},"end":{"line":1,"column":7127}},"227":{"start":{"line":1,"column":7075},"end":{"line":1,"column":7084}},"228":{"start":{"line":1,"column":7084},"end":{"line":1,"column":7103}},"229":{"start":{"line":1,"column":7103},"end":{"line":1,"column":7126}},"230":{"start":{"line":1,"column":7110},"end":{"line":1,"column":7119}},"231":{"start":{"line":1,"column":7119},"end":{"line":1,"column":7125}},"232":{"start":{"line":1,"column":7127},"end":{"line":1,"column":7141}},"233":{"start":{"line":1,"column":7135},"end":{"line":1,"column":7140}},"234":{"start":{"line":1,"column":7142},"end":{"line":1,"column":7187}},"235":{"start":{"line":1,"column":7187},"end":{"line":1,"column":7241}},"236":{"start":{"line":1,"column":7226},"end":{"line":1,"column":7235}},"237":{"start":{"line":1,"column":7235},"end":{"line":1,"column":7240}},"238":{"start":{"line":1,"column":7241},"end":{"line":1,"column":7260}},"239":{"start":{"line":1,"column":7249},"end":{"line":1,"column":7259}},"240":{"start":{"line":1,"column":7268},"end":{"line":1,"column":7270}},"241":{"start":{"line":1,"column":7271},"end":{"line":1,"column":7285}},"242":{"start":{"line":1,"column":7285},"end":{"line":1,"column":7539}},"243":{"start":{"line":1,"column":7293},"end":{"line":1,"column":7310}},"244":{"start":{"line":1,"column":7323},"end":{"line":1,"column":7328}},"245":{"start":{"line":1,"column":7336},"end":{"line":1,"column":7350}},"246":{"start":{"line":1,"column":7358},"end":{"line":1,"column":7370}},"247":{"start":{"line":1,"column":7371},"end":{"line":1,"column":7424}},"248":{"start":{"line":1,"column":7381},"end":{"line":1,"column":7407}},"249":{"start":{"line":1,"column":7407},"end":{"line":1,"column":7423}},"250":{"start":{"line":1,"column":7431},"end":{"line":1,"column":7446}},"251":{"start":{"line":1,"column":7447},"end":{"line":1,"column":7479}},"252":{"start":{"line":1,"column":7479},"end":{"line":1,"column":7505}},"253":{"start":{"line":1,"column":7505},"end":{"line":1,"column":7538}},"254":{"start":{"line":1,"column":7540},"end":{"line":1,"column":7558}},"255":{"start":{"line":1,"column":7560},"end":{"line":1,"column":7569}},"256":{"start":{"line":1,"column":7590},"end":{"line":1,"column":7592}},"257":{"start":{"line":1,"column":7595},"end":{"line":1,"column":7597}},"258":{"start":{"line":1,"column":7598},"end":{"line":1,"column":8088}},"259":{"start":{"line":1,"column":7624},"end":{"line":1,"column":7832}},"260":{"start":{"line":1,"column":7838},"end":{"line":1,"column":8087}},"261":{"start":{"line":1,"column":7861},"end":{"line":1,"column":7988}},"262":{"start":{"line":1,"column":7994},"end":{"line":1,"column":8086}},"263":{"start":{"line":1,"column":8088},"end":{"line":1,"column":8158}},"264":{"start":{"line":1,"column":8110},"end":{"line":1,"column":8157}},"265":{"start":{"line":1,"column":8164},"end":{"line":1,"column":8178}},"266":{"start":{"line":1,"column":8179},"end":{"line":1,"column":8532}},"267":{"start":{"line":1,"column":8185},"end":{"line":1,"column":8531}},"268":{"start":{"line":1,"column":8206},"end":{"line":1,"column":8402}},"269":{"start":{"line":1,"column":8214},"end":{"line":1,"column":8275}},"270":{"start":{"line":1,"column":8281},"end":{"line":1,"column":8401}},"271":{"start":{"line":1,"column":8402},"end":{"line":1,"column":8490}},"272":{"start":{"line":1,"column":8496},"end":{"line":1,"column":8530}},"273":{"start":{"line":1,"column":8532},"end":{"line":1,"column":8630}},"274":{"start":{"line":1,"column":8553},"end":{"line":1,"column":8586}},"275":{"start":{"line":1,"column":8586},"end":{"line":1,"column":8629}},"276":{"start":{"line":1,"column":8630},"end":{"line":1,"column":8804}},"277":{"start":{"line":1,"column":8656},"end":{"line":1,"column":8751}},"278":{"start":{"line":1,"column":8752},"end":{"line":1,"column":8803}},"279":{"start":{"line":1,"column":8810},"end":{"line":1,"column":8817}},"280":{"start":{"line":1,"column":8818},"end":{"line":1,"column":8839}},"281":{"start":{"line":1,"column":8824},"end":{"line":1,"column":8838}},"282":{"start":{"line":1,"column":8845},"end":{"line":1,"column":8881}},"283":{"start":{"line":1,"column":8882},"end":{"line":1,"column":8964}},"284":{"start":{"line":1,"column":8895},"end":{"line":1,"column":8963}},"285":{"start":{"line":1,"column":8964},"end":{"line":1,"column":9002}},"286":{"start":{"line":1,"column":9002},"end":{"line":1,"column":9317}},"287":{"start":{"line":1,"column":9317},"end":{"line":1,"column":9331}},"288":{"start":{"line":1,"column":9338},"end":{"line":1,"column":9432}},"289":{"start":{"line":1,"column":9456},"end":{"line":1,"column":9480}},"290":{"start":{"line":1,"column":9488},"end":{"line":1,"column":9498}},"291":{"start":{"line":1,"column":9506},"end":{"line":1,"column":9521}},"292":{"start":{"line":1,"column":9528},"end":{"line":1,"column":9685}},"293":{"start":{"line":1,"column":9547},"end":{"line":1,"column":9575}},"294":{"start":{"line":1,"column":9581},"end":{"line":1,"column":9684}},"295":{"start":{"line":1,"column":9609},"end":{"line":1,"column":9683}},"296":{"start":{"line":1,"column":9691},"end":{"line":1,"column":9718}},"297":{"start":{"line":1,"column":9726},"end":{"line":1,"column":9748}},"298":{"start":{"line":1,"column":9749},"end":{"line":1,"column":9799}},"299":{"start":{"line":1,"column":9769},"end":{"line":1,"column":9798}},"300":{"start":{"line":1,"column":9805},"end":{"line":1,"column":9809}},"301":{"start":{"line":1,"column":9826},"end":{"line":1,"column":10328}},"302":{"start":{"line":1,"column":9853},"end":{"line":1,"column":9885}},"303":{"start":{"line":1,"column":9878},"end":{"line":1,"column":9884}},"304":{"start":{"line":1,"column":9885},"end":{"line":1,"column":10026}},"305":{"start":{"line":1,"column":9908},"end":{"line":1,"column":9915}},"306":{"start":{"line":1,"column":9915},"end":{"line":1,"column":9964}},"307":{"start":{"line":1,"column":9933},"end":{"line":1,"column":9963}},"308":{"start":{"line":1,"column":9970},"end":{"line":1,"column":10025}},"309":{"start":{"line":1,"column":10017},"end":{"line":1,"column":10024}},"310":{"start":{"line":1,"column":10026},"end":{"line":1,"column":10032}},"311":{"start":{"line":1,"column":10046},"end":{"line":1,"column":10321}},"312":{"start":{"line":1,"column":10059},"end":{"line":1,"column":10071}},"313":{"start":{"line":1,"column":10079},"end":{"line":1,"column":10091}},"314":{"start":{"line":1,"column":10092},"end":{"line":1,"column":10320}},"315":{"start":{"line":1,"column":10106},"end":{"line":1,"column":10130}},"316":{"start":{"line":1,"column":10131},"end":{"line":1,"column":10147}},"317":{"start":{"line":1,"column":10154},"end":{"line":1,"column":10189}},"318":{"start":{"line":1,"column":10190},"end":{"line":1,"column":10273}},"319":{"start":{"line":1,"column":10204},"end":{"line":1,"column":10217}},"320":{"start":{"line":1,"column":10218},"end":{"line":1,"column":10272}},"321":{"start":{"line":1,"column":10273},"end":{"line":1,"column":10280}},"322":{"start":{"line":1,"column":10280},"end":{"line":1,"column":10319}},"323":{"start":{"line":1,"column":10288},"end":{"line":1,"column":10318}},"324":{"start":{"line":1,"column":10321},"end":{"line":1,"column":10327}},"325":{"start":{"line":1,"column":10345},"end":{"line":1,"column":10402}},"326":{"start":{"line":1,"column":10368},"end":{"line":1,"column":10385}},"327":{"start":{"line":1,"column":10385},"end":{"line":1,"column":10401}},"328":{"start":{"line":1,"column":10393},"end":{"line":1,"column":10400}},"329":{"start":{"line":1,"column":10428},"end":{"line":1,"column":10453}},"330":{"start":{"line":1,"column":10461},"end":{"line":1,"column":10474}},"331":{"start":{"line":1,"column":10475},"end":{"line":1,"column":10602}},"332":{"start":{"line":1,"column":10489},"end":{"line":1,"column":10497}},"333":{"start":{"line":1,"column":10505},"end":{"line":1,"column":10519}},"334":{"start":{"line":1,"column":10520},"end":{"line":1,"column":10539}},"335":{"start":{"line":1,"column":10539},"end":{"line":1,"column":10601}},"336":{"start":{"line":1,"column":10563},"end":{"line":1,"column":10581}},"337":{"start":{"line":1,"column":10581},"end":{"line":1,"column":10600}},"338":{"start":{"line":1,"column":10602},"end":{"line":1,"column":10612}},"339":{"start":{"line":1,"column":10620},"end":{"line":1,"column":10640}},"340":{"start":{"line":1,"column":10641},"end":{"line":1,"column":10697}},"341":{"start":{"line":1,"column":10690},"end":{"line":1,"column":10696}},"342":{"start":{"line":1,"column":10697},"end":{"line":1,"column":10708}},"343":{"start":{"line":1,"column":10709},"end":{"line":1,"column":10747}},"344":{"start":{"line":1,"column":10737},"end":{"line":1,"column":10746}},"345":{"start":{"line":1,"column":10747},"end":{"line":1,"column":10794}},"346":{"start":{"line":1,"column":10763},"end":{"line":1,"column":10793}},"347":{"start":{"line":1,"column":10801},"end":{"line":1,"column":10823}},"348":{"start":{"line":1,"column":10824},"end":{"line":1,"column":10848}},"349":{"start":{"line":1,"column":10854},"end":{"line":1,"column":10875}},"350":{"start":{"line":1,"column":10876},"end":{"line":1,"column":11024}},"351":{"start":{"line":1,"column":10908},"end":{"line":1,"column":10916}},"352":{"start":{"line":1,"column":10916},"end":{"line":1,"column":10942}},"353":{"start":{"line":1,"column":10942},"end":{"line":1,"column":11004}},"354":{"start":{"line":1,"column":10961},"end":{"line":1,"column":11003}},"355":{"start":{"line":1,"column":11004},"end":{"line":1,"column":11023}},"356":{"start":{"line":1,"column":11024},"end":{"line":1,"column":11042}},"357":{"start":{"line":1,"column":11065},"end":{"line":1,"column":11101}},"358":{"start":{"line":1,"column":11109},"end":{"line":1,"column":11114}},"359":{"start":{"line":1,"column":11122},"end":{"line":1,"column":11135}},"360":{"start":{"line":1,"column":11143},"end":{"line":1,"column":11152}},"361":{"start":{"line":1,"column":11159},"end":{"line":1,"column":11160}},"362":{"start":{"line":1,"column":11168},"end":{"line":1,"column":11176}},"363":{"start":{"line":1,"column":11183},"end":{"line":1,"column":11192}},"364":{"start":{"line":1,"column":11200},"end":{"line":1,"column":11201}},"365":{"start":{"line":1,"column":11208},"end":{"line":1,"column":11222}},"366":{"start":{"line":1,"column":11229},"end":{"line":1,"column":11237}},"367":{"start":{"line":1,"column":11244},"end":{"line":1,"column":11245}},"368":{"start":{"line":1,"column":11246},"end":{"line":1,"column":11254}},"369":{"start":{"line":1,"column":11264},"end":{"line":1,"column":11349}},"370":{"start":{"line":1,"column":11283},"end":{"line":1,"column":11348}},"371":{"start":{"line":1,"column":11303},"end":{"line":1,"column":11319}},"372":{"start":{"line":1,"column":11319},"end":{"line":1,"column":11335}},"373":{"start":{"line":1,"column":11341},"end":{"line":1,"column":11347}},"374":{"start":{"line":1,"column":11349},"end":{"line":1,"column":11354}},"375":{"start":{"line":1,"column":11354},"end":{"line":1,"column":11473}},"376":{"start":{"line":1,"column":11380},"end":{"line":1,"column":11385}},"377":{"start":{"line":1,"column":11393},"end":{"line":1,"column":11400}},"378":{"start":{"line":1,"column":11407},"end":{"line":1,"column":11411}},"379":{"start":{"line":1,"column":11412},"end":{"line":1,"column":11445}},"380":{"start":{"line":1,"column":11439},"end":{"line":1,"column":11444}},"381":{"start":{"line":1,"column":11445},"end":{"line":1,"column":11456}},"382":{"start":{"line":1,"column":11456},"end":{"line":1,"column":11467}},"383":{"start":{"line":1,"column":11467},"end":{"line":1,"column":11472}},"384":{"start":{"line":1,"column":11473},"end":{"line":1,"column":11487}},"385":{"start":{"line":1,"column":11494},"end":{"line":1,"column":11498}},"386":{"start":{"line":1,"column":11499},"end":{"line":1,"column":11974}},"387":{"start":{"line":1,"column":11518},"end":{"line":1,"column":11524}},"388":{"start":{"line":1,"column":11531},"end":{"line":1,"column":11543}},"389":{"start":{"line":1,"column":11551},"end":{"line":1,"column":11555}},"390":{"start":{"line":1,"column":11563},"end":{"line":1,"column":11573}},"391":{"start":{"line":1,"column":11580},"end":{"line":1,"column":11594}},"392":{"start":{"line":1,"column":11602},"end":{"line":1,"column":11610}},"393":{"start":{"line":1,"column":11617},"end":{"line":1,"column":11937}},"394":{"start":{"line":1,"column":11660},"end":{"line":1,"column":11689}},"395":{"start":{"line":1,"column":11667},"end":{"line":1,"column":11688}},"396":{"start":{"line":1,"column":11689},"end":{"line":1,"column":11704}},"397":{"start":{"line":1,"column":11711},"end":{"line":1,"column":11727}},"398":{"start":{"line":1,"column":11735},"end":{"line":1,"column":11759}},"399":{"start":{"line":1,"column":11760},"end":{"line":1,"column":11780}},"400":{"start":{"line":1,"column":11787},"end":{"line":1,"column":11800}},"401":{"start":{"line":1,"column":11801},"end":{"line":1,"column":11824}},"402":{"start":{"line":1,"column":11824},"end":{"line":1,"column":11843}},"403":{"start":{"line":1,"column":11843},"end":{"line":1,"column":11936}},"404":{"start":{"line":1,"column":11851},"end":{"line":1,"column":11900}},"405":{"start":{"line":1,"column":11900},"end":{"line":1,"column":11935}},"406":{"start":{"line":1,"column":11937},"end":{"line":1,"column":11941}},"407":{"start":{"line":1,"column":11941},"end":{"line":1,"column":11957}},"408":{"start":{"line":1,"column":11950},"end":{"line":1,"column":11956}},"409":{"start":{"line":1,"column":11957},"end":{"line":1,"column":11973}},"410":{"start":{"line":1,"column":11967},"end":{"line":1,"column":11972}},"411":{"start":{"line":1,"column":11981},"end":{"line":1,"column":11983}},"412":{"start":{"line":1,"column":12000},"end":{"line":1,"column":12153}},"413":{"start":{"line":1,"column":12034},"end":{"line":1,"column":12038}},"414":{"start":{"line":1,"column":12039},"end":{"line":1,"column":12152}},"415":{"start":{"line":1,"column":12064},"end":{"line":1,"column":12071}},"416":{"start":{"line":1,"column":12077},"end":{"line":1,"column":12151}},"417":{"start":{"line":1,"column":12096},"end":{"line":1,"column":12150}},"418":{"start":{"line":1,"column":12170},"end":{"line":1,"column":12251}},"419":{"start":{"line":1,"column":12200},"end":{"line":1,"column":12250}},"420":{"start":{"line":1,"column":12251},"end":{"line":1,"column":12263}},"421":{"start":{"line":1,"column":12264},"end":{"line":1,"column":12286}},"422":{"start":{"line":1,"column":12286},"end":{"line":1,"column":12729}},"423":{"start":{"line":1,"column":12729},"end":{"line":1,"column":13238}},"424":{"start":{"line":1,"column":13238},"end":{"line":1,"column":13275}},"425":{"start":{"line":1,"column":13275},"end":{"line":1,"column":13373}},"426":{"start":{"line":1,"column":13373},"end":{"line":1,"column":13417}},"427":{"start":{"line":1,"column":13417},"end":{"line":1,"column":13510}},"428":{"start":{"line":1,"column":13510},"end":{"line":1,"column":13558}},"429":{"start":{"line":1,"column":13558},"end":{"line":1,"column":13636}},"430":{"start":{"line":1,"column":13636},"end":{"line":1,"column":13732}},"431":{"start":{"line":1,"column":13732},"end":{"line":1,"column":13829}},"432":{"start":{"line":1,"column":13829},"end":{"line":1,"column":13914}},"433":{"start":{"line":1,"column":13914},"end":{"line":1,"column":13979}},"434":{"start":{"line":1,"column":13979},"end":{"line":1,"column":14110}},"435":{"start":{"line":1,"column":14110},"end":{"line":1,"column":14146}},"436":{"start":{"line":1,"column":14166},"end":{"line":1,"column":14181}},"437":{"start":{"line":1,"column":14182},"end":{"line":1,"column":14354}},"438":{"start":{"line":1,"column":14192},"end":{"line":1,"column":14207}},"439":{"start":{"line":1,"column":14214},"end":{"line":1,"column":14226}},"440":{"start":{"line":1,"column":14227},"end":{"line":1,"column":14242}},"441":{"start":{"line":1,"column":14242},"end":{"line":1,"column":14258}},"442":{"start":{"line":1,"column":14258},"end":{"line":1,"column":14270}},"443":{"start":{"line":1,"column":14270},"end":{"line":1,"column":14280}},"444":{"start":{"line":1,"column":14280},"end":{"line":1,"column":14285}},"445":{"start":{"line":1,"column":14295},"end":{"line":1,"column":14353}},"446":{"start":{"line":1,"column":14318},"end":{"line":1,"column":14352}},"447":{"start":{"line":1,"column":14379},"end":{"line":1,"column":14408}},"448":{"start":{"line":1,"column":14409},"end":{"line":1,"column":14423}},"449":{"start":{"line":1,"column":14423},"end":{"line":1,"column":14437}},"450":{"start":{"line":1,"column":14429},"end":{"line":1,"column":14436}},"451":{"start":{"line":1,"column":14443},"end":{"line":1,"column":14487}},"452":{"start":{"line":1,"column":14488},"end":{"line":1,"column":14493}},"453":{"start":{"line":1,"column":14493},"end":{"line":1,"column":14512}},"454":{"start":{"line":1,"column":14543},"end":{"line":1,"column":14584}},"455":{"start":{"line":1,"column":14592},"end":{"line":1,"column":14621}},"456":{"start":{"line":1,"column":14628},"end":{"line":1,"column":14630}},"457":{"start":{"line":1,"column":14631},"end":{"line":1,"column":14720}},"458":{"start":{"line":1,"column":14663},"end":{"line":1,"column":14719}},"459":{"start":{"line":1,"column":14700},"end":{"line":1,"column":14718}},"460":{"start":{"line":1,"column":14720},"end":{"line":1,"column":14728}},"461":{"start":{"line":1,"column":14734},"end":{"line":1,"column":14738}},"462":{"start":{"line":1,"column":14739},"end":{"line":1,"column":14794}},"463":{"start":{"line":1,"column":14750},"end":{"line":1,"column":14793}},"464":{"start":{"line":1,"column":14772},"end":{"line":1,"column":14790}},"465":{"start":{"line":1,"column":14800},"end":{"line":1,"column":14801}},"466":{"start":{"line":1,"column":14815},"end":{"line":1,"column":14847}},"467":{"start":{"line":1,"column":14855},"end":{"line":1,"column":14872}},"468":{"start":{"line":1,"column":14893},"end":{"line":1,"column":14947}},"469":{"start":{"line":1,"column":14948},"end":{"line":1,"column":15533}},"470":{"start":{"line":1,"column":14988},"end":{"line":1,"column":14992}},"471":{"start":{"line":1,"column":15000},"end":{"line":1,"column":15012}},"472":{"start":{"line":1,"column":15013},"end":{"line":1,"column":15532}},"473":{"start":{"line":1,"column":15053},"end":{"line":1,"column":15065}},"474":{"start":{"line":1,"column":15073},"end":{"line":1,"column":15141}},"475":{"start":{"line":1,"column":15114},"end":{"line":1,"column":15140}},"476":{"start":{"line":1,"column":15141},"end":{"line":1,"column":15158}},"477":{"start":{"line":1,"column":15148},"end":{"line":1,"column":15157}},"478":{"start":{"line":1,"column":15165},"end":{"line":1,"column":15170}},"479":{"start":{"line":1,"column":15171},"end":{"line":1,"column":15353}},"480":{"start":{"line":1,"column":15217},"end":{"line":1,"column":15352}},"481":{"start":{"line":1,"column":15337},"end":{"line":1,"column":15345}},"482":{"start":{"line":1,"column":15345},"end":{"line":1,"column":15351}},"483":{"start":{"line":1,"column":15353},"end":{"line":1,"column":15531}},"484":{"start":{"line":1,"column":15368},"end":{"line":1,"column":15413}},"485":{"start":{"line":1,"column":15414},"end":{"line":1,"column":15458}},"486":{"start":{"line":1,"column":15458},"end":{"line":1,"column":15475}},"487":{"start":{"line":1,"column":15465},"end":{"line":1,"column":15474}},"488":{"start":{"line":1,"column":15475},"end":{"line":1,"column":15525}},"489":{"start":{"line":1,"column":15525},"end":{"line":1,"column":15530}},"490":{"start":{"line":1,"column":15533},"end":{"line":1,"column":15586}},"491":{"start":{"line":1,"column":15548},"end":{"line":1,"column":15566}},"492":{"start":{"line":1,"column":15572},"end":{"line":1,"column":15585}},"493":{"start":{"line":1,"column":15579},"end":{"line":1,"column":15584}},"494":{"start":{"line":1,"column":15587},"end":{"line":1,"column":15591}},"495":{"start":{"line":1,"column":15592},"end":{"line":1,"column":15616}},"496":{"start":{"line":1,"column":15616},"end":{"line":1,"column":15637}},"497":{"start":{"line":1,"column":15637},"end":{"line":1,"column":15883}},"498":{"start":{"line":1,"column":15888},"end":{"line":1,"column":16653}},"499":{"start":{"line":1,"column":16653},"end":{"line":1,"column":17433}},"500":{"start":{"line":1,"column":17433},"end":{"line":1,"column":17579}},"501":{"start":{"line":1,"column":17579},"end":{"line":1,"column":17671}}},"fnMap":{"0":{"name":"(anonymous_0)","decl":{"start":{"line":1,"column":40},"end":{"line":1,"column":41}},"loc":{"start":{"line":1,"column":50},"end":{"line":1,"column":15884}}},"1":{"name":"k","decl":{"start":{"line":1,"column":2533},"end":{"line":1,"column":2534}},"loc":{"start":{"line":1,"column":2537},"end":{"line":1,"column":5403}}},"2":{"name":"ab","decl":{"start":{"line":1,"column":2801},"end":{"line":1,"column":2803}},"loc":{"start":{"line":1,"column":2807},"end":{"line":1,"column":3062}}},"3":{"name":"T","decl":{"start":{"line":1,"column":3071},"end":{"line":1,"column":3072}},"loc":{"start":{"line":1,"column":3076},"end":{"line":1,"column":3229}}},"4":{"name":"X","decl":{"start":{"line":1,"column":3238},"end":{"line":1,"column":3239}},"loc":{"start":{"line":1,"column":3243},"end":{"line":1,"column":4233}}},"5":{"name":"(anonymous_5)","decl":{"start":{"line":1,"column":3819},"end":{"line":1,"column":3820}},"loc":{"start":{"line":1,"column":3834},"end":{"line":1,"column":3868}}},"6":{"name":"W","decl":{"start":{"line":1,"column":4242},"end":{"line":1,"column":4243}},"loc":{"start":{"line":1,"column":4247},"end":{"line":1,"column":5226}}},"7":{"name":"(anonymous_7)","decl":{"start":{"line":1,"column":5114},"end":{"line":1,"column":5115}},"loc":{"start":{"line":1,"column":5126},"end":{"line":1,"column":5200}}},"8":{"name":"a","decl":{"start":{"line":1,"column":5412},"end":{"line":1,"column":5413}},"loc":{"start":{"line":1,"column":5416},"end":{"line":1,"column":6146}}},"9":{"name":"aa","decl":{"start":{"line":1,"column":5694},"end":{"line":1,"column":5696}},"loc":{"start":{"line":1,"column":5700},"end":{"line":1,"column":6083}}},"10":{"name":"B","decl":{"start":{"line":1,"column":6155},"end":{"line":1,"column":6156}},"loc":{"start":{"line":1,"column":6165},"end":{"line":1,"column":6248}}},"11":{"name":"o","decl":{"start":{"line":1,"column":6268},"end":{"line":1,"column":6269}},"loc":{"start":{"line":1,"column":6272},"end":{"line":1,"column":6421}}},"12":{"name":"g","decl":{"start":{"line":1,"column":6430},"end":{"line":1,"column":6431}},"loc":{"start":{"line":1,"column":6436},"end":{"line":1,"column":7570}}},"13":{"name":"(anonymous_13)","decl":{"start":{"line":1,"column":6453},"end":{"line":1,"column":6454}},"loc":{"start":{"line":1,"column":6463},"end":{"line":1,"column":6733}}},"14":{"name":"W","decl":{"start":{"line":1,"column":6767},"end":{"line":1,"column":6768}},"loc":{"start":{"line":1,"column":6772},"end":{"line":1,"column":7559}}},"15":{"name":"i","decl":{"start":{"line":1,"column":7579},"end":{"line":1,"column":7580}},"loc":{"start":{"line":1,"column":7583},"end":{"line":1,"column":9332}}},"16":{"name":"Q","decl":{"start":{"line":1,"column":9442},"end":{"line":1,"column":9443}},"loc":{"start":{"line":1,"column":9449},"end":{"line":1,"column":11043}}},"17":{"name":"ae","decl":{"start":{"line":1,"column":9819},"end":{"line":1,"column":9821}},"loc":{"start":{"line":1,"column":9825},"end":{"line":1,"column":10329}}},"18":{"name":"ad","decl":{"start":{"line":1,"column":10338},"end":{"line":1,"column":10340}},"loc":{"start":{"line":1,"column":10344},"end":{"line":1,"column":10709}}},"19":{"name":"ai","decl":{"start":{"line":1,"column":10411},"end":{"line":1,"column":10413}},"loc":{"start":{"line":1,"column":10420},"end":{"line":1,"column":10613}}},"20":{"name":"D","decl":{"start":{"line":1,"column":11052},"end":{"line":1,"column":11053}},"loc":{"start":{"line":1,"column":11057},"end":{"line":1,"column":11975}}},"21":{"name":"c","decl":{"start":{"line":1,"column":11993},"end":{"line":1,"column":11994}},"loc":{"start":{"line":1,"column":11999},"end":{"line":1,"column":12154}}},"22":{"name":"q","decl":{"start":{"line":1,"column":12163},"end":{"line":1,"column":12164}},"loc":{"start":{"line":1,"column":12169},"end":{"line":1,"column":12264}}},"23":{"name":"d","decl":{"start":{"line":1,"column":14155},"end":{"line":1,"column":14156}},"loc":{"start":{"line":1,"column":14159},"end":{"line":1,"column":14355}}},"24":{"name":"y","decl":{"start":{"line":1,"column":14364},"end":{"line":1,"column":14365}},"loc":{"start":{"line":1,"column":14372},"end":{"line":1,"column":14513}}},"25":{"name":"b","decl":{"start":{"line":1,"column":14522},"end":{"line":1,"column":14523}},"loc":{"start":{"line":1,"column":14527},"end":{"line":1,"column":15592}}},"26":{"name":"Y","decl":{"start":{"line":1,"column":14537},"end":{"line":1,"column":14538}},"loc":{"start":{"line":1,"column":14542},"end":{"line":1,"column":14585}}},"27":{"name":"now","decl":{"start":{"line":1,"column":14766},"end":{"line":1,"column":14769}},"loc":{"start":{"line":1,"column":14771},"end":{"line":1,"column":14791}}},"28":{"name":"U","decl":{"start":{"line":1,"column":14882},"end":{"line":1,"column":14883}},"loc":{"start":{"line":1,"column":14885},"end":{"line":1,"column":15587}}}},"branchMap":{"0":{"loc":{"start":{"line":1,"column":2616},"end":{"line":1,"column":2755}},"type":"if","locations":[{"start":{"line":1,"column":2616},"end":{"line":1,"column":2755}},{"start":{"line":1,"column":2616},"end":{"line":1,"column":2755}}]},"1":{"loc":{"start":{"line":1,"column":2648},"end":{"line":1,"column":2754}},"type":"if","locations":[{"start":{"line":1,"column":2648},"end":{"line":1,"column":2754}},{"start":{"line":1,"column":2648},"end":{"line":1,"column":2754}}]},"2":{"loc":{"start":{"line":1,"column":2832},"end":{"line":1,"column":2855}},"type":"if","locations":[{"start":{"line":1,"column":2832},"end":{"line":1,"column":2855}},{"start":{"line":1,"column":2832},"end":{"line":1,"column":2855}}]},"3":{"loc":{"start":{"line":1,"column":2884},"end":{"line":1,"column":3061}},"type":"if","locations":[{"start":{"line":1,"column":2884},"end":{"line":1,"column":3061}},{"start":{"line":1,"column":2884},"end":{"line":1,"column":3061}}]},"4":{"loc":{"start":{"line":1,"column":2907},"end":{"line":1,"column":3060}},"type":"if","locations":[{"start":{"line":1,"column":2907},"end":{"line":1,"column":3060}},{"start":{"line":1,"column":2907},"end":{"line":1,"column":3060}}]},"5":{"loc":{"start":{"line":1,"column":2910},"end":{"line":1,"column":2926}},"type":"binary-expr","locations":[{"start":{"line":1,"column":2910},"end":{"line":1,"column":2917}},{"start":{"line":1,"column":2919},"end":{"line":1,"column":2926}}]},"6":{"loc":{"start":{"line":1,"column":2969},"end":{"line":1,"column":3059}},"type":"if","locations":[{"start":{"line":1,"column":2969},"end":{"line":1,"column":3059}},{"start":{"line":1,"column":2969},"end":{"line":1,"column":3059}}]},"7":{"loc":{"start":{"line":1,"column":2972},"end":{"line":1,"column":2990}},"type":"binary-expr","locations":[{"start":{"line":1,"column":2972},"end":{"line":1,"column":2980}},{"start":{"line":1,"column":2982},"end":{"line":1,"column":2990}}]},"8":{"loc":{"start":{"line":1,"column":3077},"end":{"line":1,"column":3131}},"type":"if","locations":[{"start":{"line":1,"column":3077},"end":{"line":1,"column":3131}},{"start":{"line":1,"column":3077},"end":{"line":1,"column":3131}}]},"9":{"loc":{"start":{"line":1,"column":3094},"end":{"line":1,"column":3112}},"type":"cond-expr","locations":[{"start":{"line":1,"column":3100},"end":{"line":1,"column":3106}},{"start":{"line":1,"column":3107},"end":{"line":1,"column":3112}}]},"10":{"loc":{"start":{"line":1,"column":3162},"end":{"line":1,"column":3218}},"type":"if","locations":[{"start":{"line":1,"column":3162},"end":{"line":1,"column":3218}},{"start":{"line":1,"column":3162},"end":{"line":1,"column":3218}}]},"11":{"loc":{"start":{"line":1,"column":3165},"end":{"line":1,"column":3204}},"type":"binary-expr","locations":[{"start":{"line":1,"column":3165},"end":{"line":1,"column":3174}},{"start":{"line":1,"column":3176},"end":{"line":1,"column":3184}},{"start":{"line":1,"column":3186},"end":{"line":1,"column":3194}},{"start":{"line":1,"column":3196},"end":{"line":1,"column":3204}}]},"12":{"loc":{"start":{"line":1,"column":3499},"end":{"line":1,"column":3810}},"type":"if","locations":[{"start":{"line":1,"column":3499},"end":{"line":1,"column":3810}},{"start":{"line":1,"column":3499},"end":{"line":1,"column":3810}}]},"13":{"loc":{"start":{"line":1,"column":3563},"end":{"line":1,"column":3626}},"type":"if","locations":[{"start":{"line":1,"column":3563},"end":{"line":1,"column":3626}},{"start":{"line":1,"column":3563},"end":{"line":1,"column":3626}}]},"14":{"loc":{"start":{"line":1,"column":3566},"end":{"line":1,"column":3589}},"type":"binary-expr","locations":[{"start":{"line":1,"column":3566},"end":{"line":1,"column":3573}},{"start":{"line":1,"column":3575},"end":{"line":1,"column":3589}}]},"15":{"loc":{"start":{"line":1,"column":3643},"end":{"line":1,"column":3809}},"type":"if","locations":[{"start":{"line":1,"column":3643},"end":{"line":1,"column":3809}},{"start":{"line":1,"column":3643},"end":{"line":1,"column":3809}}]},"16":{"loc":{"start":{"line":1,"column":3648},"end":{"line":1,"column":3661}},"type":"binary-expr","locations":[{"start":{"line":1,"column":3648},"end":{"line":1,"column":3653}},{"start":{"line":1,"column":3655},"end":{"line":1,"column":3661}}]},"17":{"loc":{"start":{"line":1,"column":3664},"end":{"line":1,"column":3734}},"type":"if","locations":[{"start":{"line":1,"column":3664},"end":{"line":1,"column":3734}},{"start":{"line":1,"column":3664},"end":{"line":1,"column":3734}}]},"18":{"loc":{"start":{"line":1,"column":3669},"end":{"line":1,"column":3681}},"type":"binary-expr","locations":[{"start":{"line":1,"column":3669},"end":{"line":1,"column":3674}},{"start":{"line":1,"column":3676},"end":{"line":1,"column":3681}}]},"19":{"loc":{"start":{"line":1,"column":3734},"end":{"line":1,"column":3808}},"type":"if","locations":[{"start":{"line":1,"column":3734},"end":{"line":1,"column":3808}},{"start":{"line":1,"column":3734},"end":{"line":1,"column":3808}}]},"20":{"loc":{"start":{"line":1,"column":3739},"end":{"line":1,"column":3752}},"type":"binary-expr","locations":[{"start":{"line":1,"column":3739},"end":{"line":1,"column":3744}},{"start":{"line":1,"column":3746},"end":{"line":1,"column":3752}}]},"21":{"loc":{"start":{"line":1,"column":3842},"end":{"line":1,"column":3866}},"type":"binary-expr","locations":[{"start":{"line":1,"column":3842},"end":{"line":1,"column":3853}},{"start":{"line":1,"column":3855},"end":{"line":1,"column":3866}}]},"22":{"loc":{"start":{"line":1,"column":3943},"end":{"line":1,"column":4012}},"type":"if","locations":[{"start":{"line":1,"column":3943},"end":{"line":1,"column":4012}},{"start":{"line":1,"column":3943},"end":{"line":1,"column":4012}}]},"23":{"loc":{"start":{"line":1,"column":4026},"end":{"line":1,"column":4047}},"type":"if","locations":[{"start":{"line":1,"column":4026},"end":{"line":1,"column":4047}},{"start":{"line":1,"column":4026},"end":{"line":1,"column":4047}}]},"24":{"loc":{"start":{"line":1,"column":4132},"end":{"line":1,"column":4199}},"type":"if","locations":[{"start":{"line":1,"column":4132},"end":{"line":1,"column":4199}},{"start":{"line":1,"column":4132},"end":{"line":1,"column":4199}}]},"25":{"loc":{"start":{"line":1,"column":4148},"end":{"line":1,"column":4180}},"type":"if","locations":[{"start":{"line":1,"column":4148},"end":{"line":1,"column":4180}},{"start":{"line":1,"column":4148},"end":{"line":1,"column":4180}}]},"26":{"loc":{"start":{"line":1,"column":4515},"end":{"line":1,"column":4615}},"type":"if","locations":[{"start":{"line":1,"column":4515},"end":{"line":1,"column":4615}},{"start":{"line":1,"column":4515},"end":{"line":1,"column":4615}}]},"27":{"loc":{"start":{"line":1,"column":4539},"end":{"line":1,"column":4614}},"type":"if","locations":[{"start":{"line":1,"column":4539},"end":{"line":1,"column":4614}},{"start":{"line":1,"column":4539},"end":{"line":1,"column":4614}}]},"28":{"loc":{"start":{"line":1,"column":4587},"end":{"line":1,"column":4613}},"type":"if","locations":[{"start":{"line":1,"column":4587},"end":{"line":1,"column":4613}},{"start":{"line":1,"column":4587},"end":{"line":1,"column":4613}}]},"29":{"loc":{"start":{"line":1,"column":4590},"end":{"line":1,"column":4600}},"type":"binary-expr","locations":[{"start":{"line":1,"column":4590},"end":{"line":1,"column":4592}},{"start":{"line":1,"column":4594},"end":{"line":1,"column":4600}}]},"30":{"loc":{"start":{"line":1,"column":4648},"end":{"line":1,"column":4677}},"type":"if","locations":[{"start":{"line":1,"column":4648},"end":{"line":1,"column":4677}},{"start":{"line":1,"column":4648},"end":{"line":1,"column":4677}}]},"31":{"loc":{"start":{"line":1,"column":4722},"end":{"line":1,"column":4868}},"type":"if","locations":[{"start":{"line":1,"column":4722},"end":{"line":1,"column":4868}},{"start":{"line":1,"column":4722},"end":{"line":1,"column":4868}}]},"32":{"loc":{"start":{"line":1,"column":4740},"end":{"line":1,"column":4777}},"type":"if","locations":[{"start":{"line":1,"column":4740},"end":{"line":1,"column":4777}},{"start":{"line":1,"column":4740},"end":{"line":1,"column":4777}}]},"33":{"loc":{"start":{"line":1,"column":4783},"end":{"line":1,"column":4867}},"type":"if","locations":[{"start":{"line":1,"column":4783},"end":{"line":1,"column":4867}},{"start":{"line":1,"column":4783},"end":{"line":1,"column":4867}}]},"34":{"loc":{"start":{"line":1,"column":4831},"end":{"line":1,"column":4866}},"type":"if","locations":[{"start":{"line":1,"column":4831},"end":{"line":1,"column":4866}},{"start":{"line":1,"column":4831},"end":{"line":1,"column":4866}}]},"35":{"loc":{"start":{"line":1,"column":4834},"end":{"line":1,"column":4844}},"type":"binary-expr","locations":[{"start":{"line":1,"column":4834},"end":{"line":1,"column":4836}},{"start":{"line":1,"column":4838},"end":{"line":1,"column":4844}}]},"36":{"loc":{"start":{"line":1,"column":4899},"end":{"line":1,"column":4943}},"type":"if","locations":[{"start":{"line":1,"column":4899},"end":{"line":1,"column":4943}},{"start":{"line":1,"column":4899},"end":{"line":1,"column":4943}}]},"37":{"loc":{"start":{"line":1,"column":4902},"end":{"line":1,"column":4930}},"type":"binary-expr","locations":[{"start":{"line":1,"column":4902},"end":{"line":1,"column":4914}},{"start":{"line":1,"column":4916},"end":{"line":1,"column":4930}}]},"38":{"loc":{"start":{"line":1,"column":4944},"end":{"line":1,"column":5206}},"type":"if","locations":[{"start":{"line":1,"column":4944},"end":{"line":1,"column":5206}},{"start":{"line":1,"column":4944},"end":{"line":1,"column":5206}}]},"39":{"loc":{"start":{"line":1,"column":4947},"end":{"line":1,"column":4963}},"type":"binary-expr","locations":[{"start":{"line":1,"column":4947},"end":{"line":1,"column":4960}},{"start":{"line":1,"column":4962},"end":{"line":1,"column":4963}}]},"40":{"loc":{"start":{"line":1,"column":5024},"end":{"line":1,"column":5204}},"type":"if","locations":[{"start":{"line":1,"column":5024},"end":{"line":1,"column":5204}},{"start":{"line":1,"column":5024},"end":{"line":1,"column":5204}}]},"41":{"loc":{"start":{"line":1,"column":5027},"end":{"line":1,"column":5049}},"type":"binary-expr","locations":[{"start":{"line":1,"column":5027},"end":{"line":1,"column":5039}},{"start":{"line":1,"column":5041},"end":{"line":1,"column":5049}}]},"42":{"loc":{"start":{"line":1,"column":5070},"end":{"line":1,"column":5203}},"type":"if","locations":[{"start":{"line":1,"column":5070},"end":{"line":1,"column":5203}},{"start":{"line":1,"column":5070},"end":{"line":1,"column":5203}}]},"43":{"loc":{"start":{"line":1,"column":5280},"end":{"line":1,"column":5332}},"type":"if","locations":[{"start":{"line":1,"column":5280},"end":{"line":1,"column":5332}},{"start":{"line":1,"column":5280},"end":{"line":1,"column":5332}}]},"44":{"loc":{"start":{"line":1,"column":5283},"end":{"line":1,"column":5306}},"type":"binary-expr","locations":[{"start":{"line":1,"column":5283},"end":{"line":1,"column":5292}},{"start":{"line":1,"column":5294},"end":{"line":1,"column":5306}}]},"45":{"loc":{"start":{"line":1,"column":5389},"end":{"line":1,"column":5400}},"type":"cond-expr","locations":[{"start":{"line":1,"column":5392},"end":{"line":1,"column":5396}},{"start":{"line":1,"column":5397},"end":{"line":1,"column":5400}}]},"46":{"loc":{"start":{"line":1,"column":5488},"end":{"line":1,"column":5651}},"type":"if","locations":[{"start":{"line":1,"column":5488},"end":{"line":1,"column":5651}},{"start":{"line":1,"column":5488},"end":{"line":1,"column":5651}}]},"47":{"loc":{"start":{"line":1,"column":5541},"end":{"line":1,"column":5650}},"type":"if","locations":[{"start":{"line":1,"column":5541},"end":{"line":1,"column":5650}},{"start":{"line":1,"column":5541},"end":{"line":1,"column":5650}}]},"48":{"loc":{"start":{"line":1,"column":5657},"end":{"line":1,"column":5684}},"type":"binary-expr","locations":[{"start":{"line":1,"column":5657},"end":{"line":1,"column":5658}},{"start":{"line":1,"column":5660},"end":{"line":1,"column":5684}}]},"49":{"loc":{"start":{"line":1,"column":5701},"end":{"line":1,"column":6082}},"type":"switch","locations":[{"start":{"line":1,"column":5721},"end":{"line":1,"column":5904}},{"start":{"line":1,"column":5904},"end":{"line":1,"column":5911}},{"start":{"line":1,"column":5911},"end":{"line":1,"column":6081}}]},"50":{"loc":{"start":{"line":1,"column":5728},"end":{"line":1,"column":5761}},"type":"if","locations":[{"start":{"line":1,"column":5728},"end":{"line":1,"column":5761}},{"start":{"line":1,"column":5728},"end":{"line":1,"column":5761}}]},"51":{"loc":{"start":{"line":1,"column":5835},"end":{"line":1,"column":5898}},"type":"if","locations":[{"start":{"line":1,"column":5835},"end":{"line":1,"column":5898}},{"start":{"line":1,"column":5835},"end":{"line":1,"column":5898}}]},"52":{"loc":{"start":{"line":1,"column":5838},"end":{"line":1,"column":5858}},"type":"binary-expr","locations":[{"start":{"line":1,"column":5838},"end":{"line":1,"column":5847}},{"start":{"line":1,"column":5849},"end":{"line":1,"column":5858}}]},"53":{"loc":{"start":{"line":1,"column":5938},"end":{"line":1,"column":6075}},"type":"if","locations":[{"start":{"line":1,"column":5938},"end":{"line":1,"column":6075}},{"start":{"line":1,"column":5938},"end":{"line":1,"column":6075}}]},"54":{"loc":{"start":{"line":1,"column":5952},"end":{"line":1,"column":6028}},"type":"if","locations":[{"start":{"line":1,"column":5952},"end":{"line":1,"column":6028}},{"start":{"line":1,"column":5952},"end":{"line":1,"column":6028}}]},"55":{"loc":{"start":{"line":1,"column":6166},"end":{"line":1,"column":6181}},"type":"if","locations":[{"start":{"line":1,"column":6166},"end":{"line":1,"column":6181}},{"start":{"line":1,"column":6166},"end":{"line":1,"column":6181}}]},"56":{"loc":{"start":{"line":1,"column":6350},"end":{"line":1,"column":6393}},"type":"cond-expr","locations":[{"start":{"line":1,"column":6356},"end":{"line":1,"column":6361}},{"start":{"line":1,"column":6362},"end":{"line":1,"column":6393}}]},"57":{"loc":{"start":{"line":1,"column":6356},"end":{"line":1,"column":6361}},"type":"cond-expr","locations":[{"start":{"line":1,"column":6358},"end":{"line":1,"column":6359}},{"start":{"line":1,"column":6360},"end":{"line":1,"column":6361}}]},"58":{"loc":{"start":{"line":1,"column":6362},"end":{"line":1,"column":6393}},"type":"cond-expr","locations":[{"start":{"line":1,"column":6368},"end":{"line":1,"column":6391}},{"start":{"line":1,"column":6392},"end":{"line":1,"column":6393}}]},"59":{"loc":{"start":{"line":1,"column":6368},"end":{"line":1,"column":6391}},"type":"cond-expr","locations":[{"start":{"line":1,"column":6388},"end":{"line":1,"column":6389}},{"start":{"line":1,"column":6390},"end":{"line":1,"column":6391}}]},"60":{"loc":{"start":{"line":1,"column":6402},"end":{"line":1,"column":6419}},"type":"cond-expr","locations":[{"start":{"line":1,"column":6408},"end":{"line":1,"column":6417}},{"start":{"line":1,"column":6418},"end":{"line":1,"column":6419}}]},"61":{"loc":{"start":{"line":1,"column":6564},"end":{"line":1,"column":6623}},"type":"if","locations":[{"start":{"line":1,"column":6564},"end":{"line":1,"column":6623}},{"start":{"line":1,"column":6564},"end":{"line":1,"column":6623}}]},"62":{"loc":{"start":{"line":1,"column":6648},"end":{"line":1,"column":6700}},"type":"if","locations":[{"start":{"line":1,"column":6648},"end":{"line":1,"column":6700}},{"start":{"line":1,"column":6648},"end":{"line":1,"column":6700}}]},"63":{"loc":{"start":{"line":1,"column":6835},"end":{"line":1,"column":6849}},"type":"binary-expr","locations":[{"start":{"line":1,"column":6835},"end":{"line":1,"column":6845}},{"start":{"line":1,"column":6847},"end":{"line":1,"column":6849}}]},"64":{"loc":{"start":{"line":1,"column":6947},"end":{"line":1,"column":7261}},"type":"if","locations":[{"start":{"line":1,"column":6947},"end":{"line":1,"column":7261}},{"start":{"line":1,"column":6947},"end":{"line":1,"column":7261}}]},"65":{"loc":{"start":{"line":1,"column":7010},"end":{"line":1,"column":7142}},"type":"if","locations":[{"start":{"line":1,"column":7010},"end":{"line":1,"column":7142}},{"start":{"line":1,"column":7010},"end":{"line":1,"column":7142}}]},"66":{"loc":{"start":{"line":1,"column":7103},"end":{"line":1,"column":7126}},"type":"if","locations":[{"start":{"line":1,"column":7103},"end":{"line":1,"column":7126}},{"start":{"line":1,"column":7103},"end":{"line":1,"column":7126}}]},"67":{"loc":{"start":{"line":1,"column":7127},"end":{"line":1,"column":7141}},"type":"if","locations":[{"start":{"line":1,"column":7127},"end":{"line":1,"column":7141}},{"start":{"line":1,"column":7127},"end":{"line":1,"column":7141}}]},"68":{"loc":{"start":{"line":1,"column":7145},"end":{"line":1,"column":7186}},"type":"binary-expr","locations":[{"start":{"line":1,"column":7145},"end":{"line":1,"column":7157}},{"start":{"line":1,"column":7159},"end":{"line":1,"column":7186}}]},"69":{"loc":{"start":{"line":1,"column":7187},"end":{"line":1,"column":7241}},"type":"if","locations":[{"start":{"line":1,"column":7187},"end":{"line":1,"column":7241}},{"start":{"line":1,"column":7187},"end":{"line":1,"column":7241}}]},"70":{"loc":{"start":{"line":1,"column":7190},"end":{"line":1,"column":7224}},"type":"binary-expr","locations":[{"start":{"line":1,"column":7190},"end":{"line":1,"column":7192}},{"start":{"line":1,"column":7194},"end":{"line":1,"column":7224}}]},"71":{"loc":{"start":{"line":1,"column":7196},"end":{"line":1,"column":7223}},"type":"binary-expr","locations":[{"start":{"line":1,"column":7196},"end":{"line":1,"column":7198}},{"start":{"line":1,"column":7200},"end":{"line":1,"column":7223}}]},"72":{"loc":{"start":{"line":1,"column":7241},"end":{"line":1,"column":7260}},"type":"if","locations":[{"start":{"line":1,"column":7241},"end":{"line":1,"column":7260}},{"start":{"line":1,"column":7241},"end":{"line":1,"column":7260}}]},"73":{"loc":{"start":{"line":1,"column":7285},"end":{"line":1,"column":7539}},"type":"if","locations":[{"start":{"line":1,"column":7285},"end":{"line":1,"column":7539}},{"start":{"line":1,"column":7285},"end":{"line":1,"column":7539}}]},"74":{"loc":{"start":{"line":1,"column":7371},"end":{"line":1,"column":7424}},"type":"if","locations":[{"start":{"line":1,"column":7371},"end":{"line":1,"column":7424}},{"start":{"line":1,"column":7371},"end":{"line":1,"column":7424}}]},"75":{"loc":{"start":{"line":1,"column":7598},"end":{"line":1,"column":8088}},"type":"if","locations":[{"start":{"line":1,"column":7598},"end":{"line":1,"column":8088}},{"start":{"line":1,"column":7598},"end":{"line":1,"column":8088}}]},"76":{"loc":{"start":{"line":1,"column":7838},"end":{"line":1,"column":8087}},"type":"if","locations":[{"start":{"line":1,"column":7838},"end":{"line":1,"column":8087}},{"start":{"line":1,"column":7838},"end":{"line":1,"column":8087}}]},"77":{"loc":{"start":{"line":1,"column":8088},"end":{"line":1,"column":8158}},"type":"if","locations":[{"start":{"line":1,"column":8088},"end":{"line":1,"column":8158}},{"start":{"line":1,"column":8088},"end":{"line":1,"column":8158}}]},"78":{"loc":{"start":{"line":1,"column":8179},"end":{"line":1,"column":8532}},"type":"if","locations":[{"start":{"line":1,"column":8179},"end":{"line":1,"column":8532}},{"start":{"line":1,"column":8179},"end":{"line":1,"column":8532}}]},"79":{"loc":{"start":{"line":1,"column":8185},"end":{"line":1,"column":8531}},"type":"if","locations":[{"start":{"line":1,"column":8185},"end":{"line":1,"column":8531}},{"start":{"line":1,"column":8185},"end":{"line":1,"column":8531}}]},"80":{"loc":{"start":{"line":1,"column":8206},"end":{"line":1,"column":8402}},"type":"if","locations":[{"start":{"line":1,"column":8206},"end":{"line":1,"column":8402}},{"start":{"line":1,"column":8206},"end":{"line":1,"column":8402}}]},"81":{"loc":{"start":{"line":1,"column":8532},"end":{"line":1,"column":8630}},"type":"if","locations":[{"start":{"line":1,"column":8532},"end":{"line":1,"column":8630}},{"start":{"line":1,"column":8532},"end":{"line":1,"column":8630}}]},"82":{"loc":{"start":{"line":1,"column":8630},"end":{"line":1,"column":8804}},"type":"if","locations":[{"start":{"line":1,"column":8630},"end":{"line":1,"column":8804}},{"start":{"line":1,"column":8630},"end":{"line":1,"column":8804}}]},"83":{"loc":{"start":{"line":1,"column":8818},"end":{"line":1,"column":8839}},"type":"if","locations":[{"start":{"line":1,"column":8818},"end":{"line":1,"column":8839}},{"start":{"line":1,"column":8818},"end":{"line":1,"column":8839}}]},"84":{"loc":{"start":{"line":1,"column":8882},"end":{"line":1,"column":8964}},"type":"if","locations":[{"start":{"line":1,"column":8882},"end":{"line":1,"column":8964}},{"start":{"line":1,"column":8882},"end":{"line":1,"column":8964}}]},"85":{"loc":{"start":{"line":1,"column":9528},"end":{"line":1,"column":9685}},"type":"if","locations":[{"start":{"line":1,"column":9528},"end":{"line":1,"column":9685}},{"start":{"line":1,"column":9528},"end":{"line":1,"column":9685}}]},"86":{"loc":{"start":{"line":1,"column":9581},"end":{"line":1,"column":9684}},"type":"if","locations":[{"start":{"line":1,"column":9581},"end":{"line":1,"column":9684}},{"start":{"line":1,"column":9581},"end":{"line":1,"column":9684}}]},"87":{"loc":{"start":{"line":1,"column":9691},"end":{"line":1,"column":9718}},"type":"binary-expr","locations":[{"start":{"line":1,"column":9691},"end":{"line":1,"column":9692}},{"start":{"line":1,"column":9694},"end":{"line":1,"column":9718}}]},"88":{"loc":{"start":{"line":1,"column":9826},"end":{"line":1,"column":10328}},"type":"switch","locations":[{"start":{"line":1,"column":9846},"end":{"line":1,"column":10032}},{"start":{"line":1,"column":10032},"end":{"line":1,"column":10039}},{"start":{"line":1,"column":10039},"end":{"line":1,"column":10327}}]},"89":{"loc":{"start":{"line":1,"column":9853},"end":{"line":1,"column":9885}},"type":"if","locations":[{"start":{"line":1,"column":9853},"end":{"line":1,"column":9885}},{"start":{"line":1,"column":9853},"end":{"line":1,"column":9885}}]},"90":{"loc":{"start":{"line":1,"column":9885},"end":{"line":1,"column":10026}},"type":"if","locations":[{"start":{"line":1,"column":9885},"end":{"line":1,"column":10026}},{"start":{"line":1,"column":9885},"end":{"line":1,"column":10026}}]},"91":{"loc":{"start":{"line":1,"column":9915},"end":{"line":1,"column":9964}},"type":"if","locations":[{"start":{"line":1,"column":9915},"end":{"line":1,"column":9964}},{"start":{"line":1,"column":9915},"end":{"line":1,"column":9964}}]},"92":{"loc":{"start":{"line":1,"column":10046},"end":{"line":1,"column":10321}},"type":"if","locations":[{"start":{"line":1,"column":10046},"end":{"line":1,"column":10321}},{"start":{"line":1,"column":10046},"end":{"line":1,"column":10321}}]},"93":{"loc":{"start":{"line":1,"column":10092},"end":{"line":1,"column":10320}},"type":"if","locations":[{"start":{"line":1,"column":10092},"end":{"line":1,"column":10320}},{"start":{"line":1,"column":10092},"end":{"line":1,"column":10320}}]},"94":{"loc":{"start":{"line":1,"column":10190},"end":{"line":1,"column":10273}},"type":"if","locations":[{"start":{"line":1,"column":10190},"end":{"line":1,"column":10273}},{"start":{"line":1,"column":10190},"end":{"line":1,"column":10273}}]},"95":{"loc":{"start":{"line":1,"column":10280},"end":{"line":1,"column":10319}},"type":"if","locations":[{"start":{"line":1,"column":10280},"end":{"line":1,"column":10319}},{"start":{"line":1,"column":10280},"end":{"line":1,"column":10319}}]},"96":{"loc":{"start":{"line":1,"column":10385},"end":{"line":1,"column":10401}},"type":"if","locations":[{"start":{"line":1,"column":10385},"end":{"line":1,"column":10401}},{"start":{"line":1,"column":10385},"end":{"line":1,"column":10401}}]},"97":{"loc":{"start":{"line":1,"column":10428},"end":{"line":1,"column":10453}},"type":"cond-expr","locations":[{"start":{"line":1,"column":10431},"end":{"line":1,"column":10450}},{"start":{"line":1,"column":10451},"end":{"line":1,"column":10453}}]},"98":{"loc":{"start":{"line":1,"column":10475},"end":{"line":1,"column":10602}},"type":"if","locations":[{"start":{"line":1,"column":10475},"end":{"line":1,"column":10602}},{"start":{"line":1,"column":10475},"end":{"line":1,"column":10602}}]},"99":{"loc":{"start":{"line":1,"column":10652},"end":{"line":1,"column":10687}},"type":"binary-expr","locations":[{"start":{"line":1,"column":10653},"end":{"line":1,"column":10669}},{"start":{"line":1,"column":10672},"end":{"line":1,"column":10687}}]},"100":{"loc":{"start":{"line":1,"column":10747},"end":{"line":1,"column":10794}},"type":"if","locations":[{"start":{"line":1,"column":10747},"end":{"line":1,"column":10794}},{"start":{"line":1,"column":10747},"end":{"line":1,"column":10794}}]},"101":{"loc":{"start":{"line":1,"column":10854},"end":{"line":1,"column":10875}},"type":"binary-expr","locations":[{"start":{"line":1,"column":10854},"end":{"line":1,"column":10872}},{"start":{"line":1,"column":10874},"end":{"line":1,"column":10875}}]},"102":{"loc":{"start":{"line":1,"column":10942},"end":{"line":1,"column":11004}},"type":"if","locations":[{"start":{"line":1,"column":10942},"end":{"line":1,"column":11004}},{"start":{"line":1,"column":10942},"end":{"line":1,"column":11004}}]},"103":{"loc":{"start":{"line":1,"column":11283},"end":{"line":1,"column":11348}},"type":"if","locations":[{"start":{"line":1,"column":11283},"end":{"line":1,"column":11348}},{"start":{"line":1,"column":11283},"end":{"line":1,"column":11348}}]},"104":{"loc":{"start":{"line":1,"column":11418},"end":{"line":1,"column":11437}},"type":"binary-expr","locations":[{"start":{"line":1,"column":11418},"end":{"line":1,"column":11424}},{"start":{"line":1,"column":11426},"end":{"line":1,"column":11437}}]},"105":{"loc":{"start":{"line":1,"column":11531},"end":{"line":1,"column":11543}},"type":"binary-expr","locations":[{"start":{"line":1,"column":11531},"end":{"line":1,"column":11539}},{"start":{"line":1,"column":11541},"end":{"line":1,"column":11543}}]},"106":{"loc":{"start":{"line":1,"column":11563},"end":{"line":1,"column":11573}},"type":"binary-expr","locations":[{"start":{"line":1,"column":11563},"end":{"line":1,"column":11569}},{"start":{"line":1,"column":11571},"end":{"line":1,"column":11573}}]},"107":{"loc":{"start":{"line":1,"column":11617},"end":{"line":1,"column":11937}},"type":"if","locations":[{"start":{"line":1,"column":11617},"end":{"line":1,"column":11937}},{"start":{"line":1,"column":11617},"end":{"line":1,"column":11937}}]},"108":{"loc":{"start":{"line":1,"column":11620},"end":{"line":1,"column":11658}},"type":"binary-expr","locations":[{"start":{"line":1,"column":11620},"end":{"line":1,"column":11635}},{"start":{"line":1,"column":11638},"end":{"line":1,"column":11657}}]},"109":{"loc":{"start":{"line":1,"column":11660},"end":{"line":1,"column":11689}},"type":"if","locations":[{"start":{"line":1,"column":11660},"end":{"line":1,"column":11689}},{"start":{"line":1,"column":11660},"end":{"line":1,"column":11689}}]},"110":{"loc":{"start":{"line":1,"column":11843},"end":{"line":1,"column":11936}},"type":"if","locations":[{"start":{"line":1,"column":11843},"end":{"line":1,"column":11936}},{"start":{"line":1,"column":11843},"end":{"line":1,"column":11936}}]},"111":{"loc":{"start":{"line":1,"column":11941},"end":{"line":1,"column":11957}},"type":"if","locations":[{"start":{"line":1,"column":11941},"end":{"line":1,"column":11957}},{"start":{"line":1,"column":11941},"end":{"line":1,"column":11957}}]},"112":{"loc":{"start":{"line":1,"column":11957},"end":{"line":1,"column":11973}},"type":"if","locations":[{"start":{"line":1,"column":11957},"end":{"line":1,"column":11973}},{"start":{"line":1,"column":11957},"end":{"line":1,"column":11973}}]},"113":{"loc":{"start":{"line":1,"column":12039},"end":{"line":1,"column":12152}},"type":"if","locations":[{"start":{"line":1,"column":12039},"end":{"line":1,"column":12152}},{"start":{"line":1,"column":12039},"end":{"line":1,"column":12152}}]},"114":{"loc":{"start":{"line":1,"column":12077},"end":{"line":1,"column":12151}},"type":"if","locations":[{"start":{"line":1,"column":12077},"end":{"line":1,"column":12151}},{"start":{"line":1,"column":12077},"end":{"line":1,"column":12151}}]},"115":{"loc":{"start":{"line":1,"column":12170},"end":{"line":1,"column":12251}},"type":"if","locations":[{"start":{"line":1,"column":12170},"end":{"line":1,"column":12251}},{"start":{"line":1,"column":12170},"end":{"line":1,"column":12251}}]},"116":{"loc":{"start":{"line":1,"column":12175},"end":{"line":1,"column":12197}},"type":"binary-expr","locations":[{"start":{"line":1,"column":12175},"end":{"line":1,"column":12176}},{"start":{"line":1,"column":12178},"end":{"line":1,"column":12197}}]},"117":{"loc":{"start":{"line":1,"column":12202},"end":{"line":1,"column":12249}},"type":"cond-expr","locations":[{"start":{"line":1,"column":12218},"end":{"line":1,"column":12234}},{"start":{"line":1,"column":12235},"end":{"line":1,"column":12249}}]},"118":{"loc":{"start":{"line":1,"column":14295},"end":{"line":1,"column":14353}},"type":"if","locations":[{"start":{"line":1,"column":14295},"end":{"line":1,"column":14353}},{"start":{"line":1,"column":14295},"end":{"line":1,"column":14353}}]},"119":{"loc":{"start":{"line":1,"column":14330},"end":{"line":1,"column":14350}},"type":"cond-expr","locations":[{"start":{"line":1,"column":14341},"end":{"line":1,"column":14348}},{"start":{"line":1,"column":14349},"end":{"line":1,"column":14350}}]},"120":{"loc":{"start":{"line":1,"column":14330},"end":{"line":1,"column":14340}},"type":"binary-expr","locations":[{"start":{"line":1,"column":14330},"end":{"line":1,"column":14331}},{"start":{"line":1,"column":14333},"end":{"line":1,"column":14340}}]},"121":{"loc":{"start":{"line":1,"column":14423},"end":{"line":1,"column":14437}},"type":"if","locations":[{"start":{"line":1,"column":14423},"end":{"line":1,"column":14437}},{"start":{"line":1,"column":14423},"end":{"line":1,"column":14437}}]},"122":{"loc":{"start":{"line":1,"column":14739},"end":{"line":1,"column":14794}},"type":"if","locations":[{"start":{"line":1,"column":14739},"end":{"line":1,"column":14794}},{"start":{"line":1,"column":14739},"end":{"line":1,"column":14794}}]},"123":{"loc":{"start":{"line":1,"column":14893},"end":{"line":1,"column":14947}},"type":"cond-expr","locations":[{"start":{"line":1,"column":14927},"end":{"line":1,"column":14938}},{"start":{"line":1,"column":14939},"end":{"line":1,"column":14947}}]},"124":{"loc":{"start":{"line":1,"column":14953},"end":{"line":1,"column":14975}},"type":"binary-expr","locations":[{"start":{"line":1,"column":14953},"end":{"line":1,"column":14963}},{"start":{"line":1,"column":14965},"end":{"line":1,"column":14975}}]},"125":{"loc":{"start":{"line":1,"column":15013},"end":{"line":1,"column":15532}},"type":"if","locations":[{"start":{"line":1,"column":15013},"end":{"line":1,"column":15532}},{"start":{"line":1,"column":15013},"end":{"line":1,"column":15532}}]},"126":{"loc":{"start":{"line":1,"column":15073},"end":{"line":1,"column":15141}},"type":"if","locations":[{"start":{"line":1,"column":15073},"end":{"line":1,"column":15141}},{"start":{"line":1,"column":15073},"end":{"line":1,"column":15141}}]},"127":{"loc":{"start":{"line":1,"column":15076},"end":{"line":1,"column":15112}},"type":"binary-expr","locations":[{"start":{"line":1,"column":15076},"end":{"line":1,"column":15079}},{"start":{"line":1,"column":15082},"end":{"line":1,"column":15090}},{"start":{"line":1,"column":15093},"end":{"line":1,"column":15112}}]},"128":{"loc":{"start":{"line":1,"column":15141},"end":{"line":1,"column":15158}},"type":"if","locations":[{"start":{"line":1,"column":15141},"end":{"line":1,"column":15158}},{"start":{"line":1,"column":15141},"end":{"line":1,"column":15158}}]},"129":{"loc":{"start":{"line":1,"column":15217},"end":{"line":1,"column":15352}},"type":"if","locations":[{"start":{"line":1,"column":15217},"end":{"line":1,"column":15352}},{"start":{"line":1,"column":15217},"end":{"line":1,"column":15352}}]},"130":{"loc":{"start":{"line":1,"column":15220},"end":{"line":1,"column":15335}},"type":"binary-expr","locations":[{"start":{"line":1,"column":15221},"end":{"line":1,"column":15239}},{"start":{"line":1,"column":15241},"end":{"line":1,"column":15260}},{"start":{"line":1,"column":15262},"end":{"line":1,"column":15280}},{"start":{"line":1,"column":15283},"end":{"line":1,"column":15295}},{"start":{"line":1,"column":15297},"end":{"line":1,"column":15335}}]},"131":{"loc":{"start":{"line":1,"column":15353},"end":{"line":1,"column":15531}},"type":"if","locations":[{"start":{"line":1,"column":15353},"end":{"line":1,"column":15531}},{"start":{"line":1,"column":15353},"end":{"line":1,"column":15531}}]},"132":{"loc":{"start":{"line":1,"column":15417},"end":{"line":1,"column":15457}},"type":"cond-expr","locations":[{"start":{"line":1,"column":15420},"end":{"line":1,"column":15451}},{"start":{"line":1,"column":15452},"end":{"line":1,"column":15457}}]},"133":{"loc":{"start":{"line":1,"column":15420},"end":{"line":1,"column":15451}},"type":"cond-expr","locations":[{"start":{"line":1,"column":15440},"end":{"line":1,"column":15446}},{"start":{"line":1,"column":15447},"end":{"line":1,"column":15451}}]},"134":{"loc":{"start":{"line":1,"column":15420},"end":{"line":1,"column":15439}},"type":"binary-expr","locations":[{"start":{"line":1,"column":15420},"end":{"line":1,"column":15425}},{"start":{"line":1,"column":15427},"end":{"line":1,"column":15439}}]},"135":{"loc":{"start":{"line":1,"column":15458},"end":{"line":1,"column":15475}},"type":"if","locations":[{"start":{"line":1,"column":15458},"end":{"line":1,"column":15475}},{"start":{"line":1,"column":15458},"end":{"line":1,"column":15475}}]},"136":{"loc":{"start":{"line":1,"column":15533},"end":{"line":1,"column":15586}},"type":"if","locations":[{"start":{"line":1,"column":15533},"end":{"line":1,"column":15586}},{"start":{"line":1,"column":15533},"end":{"line":1,"column":15586}}]},"137":{"loc":{"start":{"line":1,"column":15572},"end":{"line":1,"column":15585}},"type":"if","locations":[{"start":{"line":1,"column":15572},"end":{"line":1,"column":15585}},{"start":{"line":1,"column":15572},"end":{"line":1,"column":15585}}]}},"s":{"0":0,"1":0,"2":0,"3":0,"4":0,"5":0,"6":0,"7":0,"8":0,"9":0,"10":0,"11":0,"12":0,"13":0,"14":0,"15":0,"16":0,"17":0,"18":0,"19":0,"20":0,"21":0,"22":0,"23":0,"24":0,"25":0,"26":0,"27":0,"28":0,"29":0,"30":0,"31":0,"32":0,"33":0,"34":0,"35":0,"36":0,"37":0,"38":0,"39":0,"40":0,"41":0,"42":0,"43":0,"44":0,"45":0,"46":0,"47":0,"48":0,"49":0,"50":0,"51":0,"52":0,"53":0,"54":0,"55":0,"56":0,"57":0,"58":0,"59":0,"60":0,"61":0,"62":0,"63":0,"64":0,"65":0,"66":0,"67":0,"68":0,"69":0,"70":0,"71":0,"72":0,"73":0,"74":0,"75":0,"76":0,"77":0,"78":0,"79":0,"80":0,"81":0,"82":0,"83":0,"84":0,"85":0,"86":0,"87":0,"88":0,"89":0,"90":0,"91":0,"92":0,"93":0,"94":0,"95":0,"96":0,"97":0,"98":0,"99":0,"100":0,"101":0,"102":0,"103":0,"104":0,"105":0,"106":0,"107":0,"108":0,"109":0,"110":0,"111":0,"112":0,"113":0,"114":0,"115":0,"116":0,"117":0,"118":0,"119":0,"120":0,"121":0,"122":0,"123":0,"124":0,"125":0,"126":0,"127":0,"128":0,"129":0,"130":0,"131":0,"132":0,"133":0,"134":0,"135":0,"136":0,"137":0,"138":0,"139":0,"140":0,"141":0,"142":0,"143":0,"144":0,"145":0,"146":0,"147":0,"148":0,"149":0,"150":0,"151":0,"152":0,"153":0,"154":0,"155":0,"156":0,"157":0,"158":0,"159":0,"160":0,"161":0,"162":0,"163":0,"164":0,"165":0,"166":0,"167":0,"168":0,"169":0,"170":0,"171":0,"172":0,"173":0,"174":0,"175":0,"176":0,"177":0,"178":0,"179":0,"180":0,"181":0,"182":0,"183":0,"184":0,"185":0,"186":0,"187":0,"188":0,"189":0,"190":0,"191":0,"192":0,"193":0,"194":0,"195":0,"196":0,"197":0,"198":0,"199":0,"200":0,"201":0,"202":0,"203":0,"204":0,"205":0,"206":0,"207":0,"208":0,"209":0,"210":0,"211":0,"212":0,"213":0,"214":0,"215":0,"216":0,"217":0,"218":0,"219":0,"220":0,"221":0,"222":0,"223":0,"224":0,"225":0,"226":0,"227":0,"228":0,"229":0,"230":0,"231":0,"232":0,"233":0,"234":0,"235":0,"236":0,"237":0,"238":0,"239":0,"240":0,"241":0,"242":0,"243":0,"244":0,"245":0,"246":0,"247":0,"248":0,"249":0,"250":0,"251":0,"252":0,"253":0,"254":0,"255":0,"256":0,"257":0,"258":0,"259":0,"260":0,"261":0,"262":0,"263":0,"264":0,"265":0,"266":0,"267":0,"268":0,"269":0,"270":0,"271":0,"272":0,"273":0,"274":0,"275":0,"276":0,"277":0,"278":0,"279":0,"280":0,"281":0,"282":0,"283":0,"284":0,"285":0,"286":0,"287":0,"288":0,"289":0,"290":0,"291":0,"292":0,"293":0,"294":0,"295":0,"296":0,"297":0,"298":0,"299":0,"300":0,"301":0,"302":0,"303":0,"304":0,"305":0,"306":0,"307":0,"308":0,"309":0,"310":0,"311":0,"312":0,"313":0,"314":0,"315":0,"316":0,"317":0,"318":0,"319":0,"320":0,"321":0,"322":0,"323":0,"324":0,"325":0,"326":0,"327":0,"328":0,"329":0,"330":0,"331":0,"332":0,"333":0,"334":0,"335":0,"336":0,"337":0,"338":0,"339":0,"340":0,"341":0,"342":0,"343":0,"344":0,"345":0,"346":0,"347":0,"348":0,"349":0,"350":0,"351":0,"352":0,"353":0,"354":0,"355":0,"356":0,"357":0,"358":0,"359":0,"360":0,"361":0,"362":0,"363":0,"364":0,"365":0,"366":0,"367":0,"368":0,"369":0,"370":0,"371":0,"372":0,"373":0,"374":0,"375":0,"376":0,"377":0,"378":0,"379":0,"380":0,"381":0,"382":0,"383":0,"384":0,"385":0,"386":0,"387":0,"388":0,"389":0,"390":0,"391":0,"392":0,"393":0,"394":0,"395":0,"396":0,"397":0,"398":0,"399":0,"400":0,"401":0,"402":0,"403":0,"404":0,"405":0,"406":0,"407":0,"408":0,"409":0,"410":0,"411":0,"412":0,"413":0,"414":0,"415":0,"416":0,"417":0,"418":0,"419":0,"420":0,"421":0,"422":0,"423":0,"424":0,"425":0,"426":0,"427":0,"428":0,"429":0,"430":0,"431":0,"432":0,"433":0,"434":0,"435":0,"436":0,"437":0,"438":0,"439":0,"440":0,"441":0,"442":0,"443":0,"444":0,"445":0,"446":0,"447":0,"448":0,"449":0,"450":0,"451":0,"452":0,"453":0,"454":0,"455":0,"456":0,"457":0,"458":0,"459":0,"460":0,"461":0,"462":0,"463":0,"464":0,"465":0,"466":0,"467":0,"468":0,"469":0,"470":0,"471":0,"472":0,"473":0,"474":0,"475":0,"476":0,"477":0,"478":0,"479":0,"480":0,"481":0,"482":0,"483":0,"484":0,"485":0,"486":0,"487":0,"488":0,"489":0,"490":0,"491":0,"492":0,"493":0,"494":0,"495":0,"496":0,"497":0,"498":0,"499":0,"500":0,"501":0},"f":{"0":0,"1":0,"2":0,"3":0,"4":0,"5":0,"6":0,"7":0,"8":0,"9":0,"10":0,"11":0,"12":0,"13":0,"14":0,"15":0,"16":0,"17":0,"18":0,"19":0,"20":0,"21":0,"22":0,"23":0,"24":0,"25":0,"26":0,"27":0,"28":0},"b":{"0":[0,0],"1":[0,0],"2":[0,0],"3":[0,0],"4":[0,0],"5":[0,0],"6":[0,0],"7":[0,0],"8":[0,0],"9":[0,0],"10":[0,0],"11":[0,0,0,0],"12":[0,0],"13":[0,0],"14":[0,0],"15":[0,0],"16":[0,0],"17":[0,0],"18":[0,0],"19":[0,0],"20":[0,0],"21":[0,0],"22":[0,0],"23":[0,0],"24":[0,0],"25":[0,0],"26":[0,0],"27":[0,0],"28":[0,0],"29":[0,0],"30":[0,0],"31":[0,0],"32":[0,0],"33":[0,0],"34":[0,0],"35":[0,0],"36":[0,0],"37":[0,0],"38":[0,0],"39":[0,0],"40":[0,0],"41":[0,0],"42":[0,0],"43":[0,0],"44":[0,0],"45":[0,0],"46":[0,0],"47":[0,0],"48":[0,0],"49":[0,0,0],"50":[0,0],"51":[0,0],"52":[0,0],"53":[0,0],"54":[0,0],"55":[0,0],"56":[0,0],"57":[0,0],"58":[0,0],"59":[0,0],"60":[0,0],"61":[0,0],"62":[0,0],"63":[0,0],"64":[0,0],"65":[0,0],"66":[0,0],"67":[0,0],"68":[0,0],"69":[0,0],"70":[0,0],"71":[0,0],"72":[0,0],"73":[0,0],"74":[0,0],"75":[0,0],"76":[0,0],"77":[0,0],"78":[0,0],"79":[0,0],"80":[0,0],"81":[0,0],"82":[0,0],"83":[0,0],"84":[0,0],"85":[0,0],"86":[0,0],"87":[0,0],"88":[0,0,0],"89":[0,0],"90":[0,0],"91":[0,0],"92":[0,0],"93":[0,0],"94":[0,0],"95":[0,0],"96":[0,0],"97":[0,0],"98":[0,0],"99":[0,0],"100":[0,0],"101":[0,0],"102":[0,0],"103":[0,0],"104":[0,0],"105":[0,0],"106":[0,0],"107":[0,0],"108":[0,0],"109":[0,0],"110":[0,0],"111":[0,0],"112":[0,0],"113":[0,0],"114":[0,0],"115":[0,0],"116":[0,0],"117":[0,0],"118":[0,0],"119":[0,0],"120":[0,0],"121":[0,0],"122":[0,0],"123":[0,0],"124":[0,0],"125":[0,0],"126":[0,0],"127":[0,0,0],"128":[0,0],"129":[0,0],"130":[0,0,0,0,0],"131":[0,0],"132":[0,0],"133":[0,0],"134":[0,0],"135":[0,0],"136":[0,0],"137":[0,0]}}
,"/Users/mlennox/projects/swapiexplorer/coverage/lcov-report/sorter.js": {"path":"/Users/mlennox/projects/swapiexplorer/coverage/lcov-report/sorter.js","statementMap":{"0":{"start":{"line":1,"column":15},"end":{"line":156,"column":3}},"1":{"start":{"line":4,"column":12},"end":{"line":6,"column":11}},"2":{"start":{"line":10,"column":20},"end":{"line":10,"column":71}},"3":{"start":{"line":12,"column":26},"end":{"line":12,"column":70}},"4":{"start":{"line":14,"column":24},"end":{"line":14,"column":65}},"5":{"start":{"line":16,"column":25},"end":{"line":16,"column":75}},"6":{"start":{"line":20,"column":13},"end":{"line":20,"column":52}},"7":{"start":{"line":22,"column":5},"end":{"line":22,"column":7}},"8":{"start":{"line":26,"column":0},"end":{"line":38,"column":1}},"9":{"start":{"line":27,"column":0},"end":{"line":27,"column":20}},"10":{"start":{"line":28,"column":0},"end":{"line":31,"column":50}},"11":{"start":{"line":33,"column":0},"end":{"line":33,"column":15}},"12":{"start":{"line":34,"column":0},"end":{"line":37,"column":1}},"13":{"start":{"line":35,"column":0},"end":{"line":35,"column":40}},"14":{"start":{"line":36,"column":0},"end":{"line":36,"column":67}},"15":{"start":{"line":39,"column":0},"end":{"line":39,"column":12}},"16":{"start":{"line":44,"column":14},"end":{"line":44,"column":45}},"17":{"start":{"line":47,"column":5},"end":{"line":47,"column":7}},"18":{"start":{"line":50,"column":0},"end":{"line":58,"column":1}},"19":{"start":{"line":51,"column":0},"end":{"line":51,"column":21}},"20":{"start":{"line":52,"column":0},"end":{"line":52,"column":12}},"21":{"start":{"line":53,"column":0},"end":{"line":53,"column":39}},"22":{"start":{"line":54,"column":0},"end":{"line":56,"column":1}},"23":{"start":{"line":55,"column":0},"end":{"line":55,"column":16}},"24":{"start":{"line":57,"column":0},"end":{"line":57,"column":18}},"25":{"start":{"line":59,"column":0},"end":{"line":59,"column":12}},"26":{"start":{"line":63,"column":9},"end":{"line":63,"column":46}},"27":{"start":{"line":66,"column":0},"end":{"line":68,"column":1}},"28":{"start":{"line":67,"column":0},"end":{"line":67,"column":34}},"29":{"start":{"line":72,"column":8},"end":{"line":72,"column":23}},"30":{"start":{"line":73,"column":7},"end":{"line":77,"column":1}},"31":{"start":{"line":74,"column":0},"end":{"line":74,"column":14}},"32":{"start":{"line":75,"column":0},"end":{"line":75,"column":14}},"33":{"start":{"line":76,"column":0},"end":{"line":76,"column":22}},"34":{"start":{"line":78,"column":12},"end":{"line":78,"column":18}},"35":{"start":{"line":79,"column":10},"end":{"line":79,"column":59}},"36":{"start":{"line":80,"column":9},"end":{"line":80,"column":41}},"37":{"start":{"line":81,"column":5},"end":{"line":81,"column":7}},"38":{"start":{"line":84,"column":0},"end":{"line":88,"column":1}},"39":{"start":{"line":85,"column":0},"end":{"line":87,"column":2}},"40":{"start":{"line":86,"column":0},"end":{"line":86,"column":21}},"41":{"start":{"line":90,"column":0},"end":{"line":93,"column":1}},"42":{"start":{"line":91,"column":0},"end":{"line":91,"column":23}},"43":{"start":{"line":92,"column":0},"end":{"line":92,"column":35}},"44":{"start":{"line":95,"column":0},"end":{"line":95,"column":23}},"45":{"start":{"line":97,"column":0},"end":{"line":99,"column":1}},"46":{"start":{"line":98,"column":0},"end":{"line":98,"column":31}},"47":{"start":{"line":103,"column":8},"end":{"line":103,"column":39}},"48":{"start":{"line":104,"column":4},"end":{"line":104,"column":17}},"49":{"start":{"line":106,"column":0},"end":{"line":106,"column":59}},"50":{"start":{"line":107,"column":0},"end":{"line":107,"column":18}},"51":{"start":{"line":111,"column":0},"end":{"line":111,"column":85}},"52":{"start":{"line":117,"column":10},"end":{"line":132,"column":1}},"53":{"start":{"line":118,"column":8},"end":{"line":118,"column":15}},"54":{"start":{"line":120,"column":0},"end":{"line":131,"column":2}},"55":{"start":{"line":121,"column":9},"end":{"line":121,"column":28}},"56":{"start":{"line":123,"column":0},"end":{"line":125,"column":1}},"57":{"start":{"line":124,"column":0},"end":{"line":124,"column":23}},"58":{"start":{"line":126,"column":0},"end":{"line":126,"column":20}},"59":{"start":{"line":127,"column":0},"end":{"line":127,"column":23}},"60":{"start":{"line":128,"column":0},"end":{"line":128,"column":20}},"61":{"start":{"line":129,"column":0},"end":{"line":129,"column":22}},"62":{"start":{"line":130,"column":0},"end":{"line":130,"column":20}},"63":{"start":{"line":133,"column":0},"end":{"line":144,"column":1}},"64":{"start":{"line":134,"column":0},"end":{"line":143,"column":1}},"65":{"start":{"line":137,"column":0},"end":{"line":137,"column":58}},"66":{"start":{"line":138,"column":0},"end":{"line":142,"column":1}},"67":{"start":{"line":139,"column":0},"end":{"line":139,"column":42}},"68":{"start":{"line":141,"column":0},"end":{"line":141,"column":39}},"69":{"start":{"line":147,"column":0},"end":{"line":155,"column":2}},"70":{"start":{"line":148,"column":0},"end":{"line":150,"column":1}},"71":{"start":{"line":149,"column":0},"end":{"line":149,"column":7}},"72":{"start":{"line":151,"column":0},"end":{"line":151,"column":19}},"73":{"start":{"line":152,"column":0},"end":{"line":152,"column":15}},"74":{"start":{"line":153,"column":0},"end":{"line":153,"column":20}},"75":{"start":{"line":154,"column":0},"end":{"line":154,"column":11}},"76":{"start":{"line":158,"column":0},"end":{"line":158,"column":43}}},"fnMap":{"0":{"name":"(anonymous_0)","decl":{"start":{"line":1,"column":15},"end":{"line":1,"column":16}},"loc":{"start":{"line":1,"column":25},"end":{"line":156,"column":1}}},"1":{"name":"getTable","decl":{"start":{"line":10,"column":9},"end":{"line":10,"column":17}},"loc":{"start":{"line":10,"column":19},"end":{"line":10,"column":72}}},"2":{"name":"getTableHeader","decl":{"start":{"line":12,"column":9},"end":{"line":12,"column":23}},"loc":{"start":{"line":12,"column":25},"end":{"line":12,"column":71}}},"3":{"name":"getTableBody","decl":{"start":{"line":14,"column":9},"end":{"line":14,"column":21}},"loc":{"start":{"line":14,"column":23},"end":{"line":14,"column":66}}},"4":{"name":"getNthColumn","decl":{"start":{"line":16,"column":9},"end":{"line":16,"column":21}},"loc":{"start":{"line":16,"column":24},"end":{"line":16,"column":76}}},"5":{"name":"loadColumns","decl":{"start":{"line":19,"column":9},"end":{"line":19,"column":20}},"loc":{"start":{"line":19,"column":22},"end":{"line":40,"column":1}}},"6":{"name":"loadRowData","decl":{"start":{"line":43,"column":9},"end":{"line":43,"column":20}},"loc":{"start":{"line":43,"column":30},"end":{"line":60,"column":1}}},"7":{"name":"loadData","decl":{"start":{"line":62,"column":9},"end":{"line":62,"column":17}},"loc":{"start":{"line":62,"column":19},"end":{"line":69,"column":1}}},"8":{"name":"sortByIndex","decl":{"start":{"line":71,"column":9},"end":{"line":71,"column":20}},"loc":{"start":{"line":71,"column":32},"end":{"line":100,"column":1}}},"9":{"name":"sorter","decl":{"start":{"line":73,"column":16},"end":{"line":73,"column":22}},"loc":{"start":{"line":73,"column":27},"end":{"line":77,"column":1}}},"10":{"name":"finalSorter","decl":{"start":{"line":85,"column":21},"end":{"line":85,"column":32}},"loc":{"start":{"line":85,"column":37},"end":{"line":87,"column":1}}},"11":{"name":"removeSortIndicators","decl":{"start":{"line":102,"column":9},"end":{"line":102,"column":29}},"loc":{"start":{"line":102,"column":31},"end":{"line":108,"column":1}}},"12":{"name":"addSortIndicators","decl":{"start":{"line":110,"column":9},"end":{"line":110,"column":26}},"loc":{"start":{"line":110,"column":28},"end":{"line":112,"column":1}}},"13":{"name":"enableUI","decl":{"start":{"line":114,"column":9},"end":{"line":114,"column":17}},"loc":{"start":{"line":114,"column":19},"end":{"line":145,"column":1}}},"14":{"name":"ithSorter","decl":{"start":{"line":117,"column":19},"end":{"line":117,"column":28}},"loc":{"start":{"line":117,"column":31},"end":{"line":132,"column":1}}},"15":{"name":"(anonymous_15)","decl":{"start":{"line":120,"column":7},"end":{"line":120,"column":8}},"loc":{"start":{"line":120,"column":17},"end":{"line":131,"column":1}}},"16":{"name":"(anonymous_16)","decl":{"start":{"line":147,"column":7},"end":{"line":147,"column":8}},"loc":{"start":{"line":147,"column":17},"end":{"line":155,"column":1}}}},"branchMap":{"0":{"loc":{"start":{"line":31,"column":5},"end":{"line":31,"column":48}},"type":"binary-expr","locations":[{"start":{"line":31,"column":5},"end":{"line":31,"column":38}},{"start":{"line":31,"column":40},"end":{"line":31,"column":48}}]},"1":{"loc":{"start":{"line":34,"column":0},"end":{"line":37,"column":1}},"type":"if","locations":[{"start":{"line":34,"column":0},"end":{"line":37,"column":1}},{"start":{"line":34,"column":0},"end":{"line":37,"column":1}}]},"2":{"loc":{"start":{"line":54,"column":0},"end":{"line":56,"column":1}},"type":"if","locations":[{"start":{"line":54,"column":0},"end":{"line":56,"column":1}},{"start":{"line":54,"column":0},"end":{"line":56,"column":1}}]},"3":{"loc":{"start":{"line":76,"column":7},"end":{"line":76,"column":21}},"type":"cond-expr","locations":[{"start":{"line":76,"column":11},"end":{"line":76,"column":13}},{"start":{"line":76,"column":14},"end":{"line":76,"column":21}}]},"4":{"loc":{"start":{"line":76,"column":14},"end":{"line":76,"column":21}},"type":"cond-expr","locations":[{"start":{"line":76,"column":18},"end":{"line":76,"column":19}},{"start":{"line":76,"column":20},"end":{"line":76,"column":21}}]},"5":{"loc":{"start":{"line":84,"column":0},"end":{"line":88,"column":1}},"type":"if","locations":[{"start":{"line":84,"column":0},"end":{"line":88,"column":1}},{"start":{"line":84,"column":0},"end":{"line":88,"column":1}}]},"6":{"loc":{"start":{"line":111,"column":43},"end":{"line":111,"column":84}},"type":"cond-expr","locations":[{"start":{"line":111,"column":60},"end":{"line":111,"column":74}},{"start":{"line":111,"column":75},"end":{"line":111,"column":84}}]},"7":{"loc":{"start":{"line":123,"column":0},"end":{"line":125,"column":1}},"type":"if","locations":[{"start":{"line":123,"column":0},"end":{"line":125,"column":1}},{"start":{"line":123,"column":0},"end":{"line":125,"column":1}}]},"8":{"loc":{"start":{"line":134,"column":0},"end":{"line":143,"column":1}},"type":"if","locations":[{"start":{"line":134,"column":0},"end":{"line":143,"column":1}},{"start":{"line":134,"column":0},"end":{"line":143,"column":1}}]},"9":{"loc":{"start":{"line":138,"column":0},"end":{"line":142,"column":1}},"type":"if","locations":[{"start":{"line":138,"column":0},"end":{"line":142,"column":1}},{"start":{"line":138,"column":0},"end":{"line":142,"column":1}}]},"10":{"loc":{"start":{"line":148,"column":0},"end":{"line":150,"column":1}},"type":"if","locations":[{"start":{"line":148,"column":0},"end":{"line":150,"column":1}},{"start":{"line":148,"column":0},"end":{"line":150,"column":1}}]}},"s":{"0":0,"1":0,"2":0,"3":0,"4":0,"5":0,"6":0,"7":0,"8":0,"9":0,"10":0,"11":0,"12":0,"13":0,"14":0,"15":0,"16":0,"17":0,"18":0,"19":0,"20":0,"21":0,"22":0,"23":0,"24":0,"25":0,"26":0,"27":0,"28":0,"29":0,"30":0,"31":0,"32":0,"33":0,"34":0,"35":0,"36":0,"37":0,"38":0,"39":0,"40":0,"41":0,"42":0,"43":0,"44":0,"45":0,"46":0,"47":0,"48":0,"49":0,"50":0,"51":0,"52":0,"53":0,"54":0,"55":0,"56":0,"57":0,"58":0,"59":0,"60":0,"61":0,"62":0,"63":0,"64":0,"65":0,"66":0,"67":0,"68":0,"69":0,"70":0,"71":0,"72":0,"73":0,"74":0,"75":0,"76":0},"f":{"0":0,"1":0,"2":0,"3":0,"4":0,"5":0,"6":0,"7":0,"8":0,"9":0,"10":0,"11":0,"12":0,"13":0,"14":0,"15":0,"16":0},"b":{"0":[0,0],"1":[0,0],"2":[0,0],"3":[0,0],"4":[0,0],"5":[0,0],"6":[0,0],"7":[0,0],"8":[0,0],"9":[0,0],"10":[0,0]}}
}
